mode: set
github.com/nas-ai/api/docs/docs.go:595.13,597.2 1 0
github.com/nas-ai/api/src/main.go:39.13,47.16 5 0
github.com/nas-ai/api/src/main.go:47.16,49.3 1 0
github.com/nas-ai/api/src/main.go:52.2,53.16 2 0
github.com/nas-ai/api/src/main.go:53.16,55.3 1 0
github.com/nas-ai/api/src/main.go:56.2,59.37 2 0
github.com/nas-ai/api/src/main.go:59.37,61.3 1 0
github.com/nas-ai/api/src/main.go:64.2,74.16 3 0
github.com/nas-ai/api/src/main.go:74.16,76.3 1 0
github.com/nas-ai/api/src/main.go:77.2,80.34 2 0
github.com/nas-ai/api/src/main.go:80.34,82.3 1 0
github.com/nas-ai/api/src/database/postgres.go:22.84,31.16 3 0
github.com/nas-ai/api/src/database/postgres.go:31.16,33.3 1 0
github.com/nas-ai/api/src/database/postgres.go:36.2,45.44 7 0
github.com/nas-ai/api/src/database/postgres.go:45.44,48.3 2 0
github.com/nas-ai/api/src/database/postgres.go:50.2,55.8 2 0
github.com/nas-ai/api/src/database/postgres.go:59.29,62.2 2 0
github.com/nas-ai/api/src/database/postgres.go:65.54,66.44 1 0
github.com/nas-ai/api/src/database/postgres.go:66.44,69.3 2 0
github.com/nas-ai/api/src/database/postgres.go:70.2,70.12 1 0
github.com/nas-ai/api/src/database/postgres_sqlx.go:23.84,32.16 3 0
github.com/nas-ai/api/src/database/postgres_sqlx.go:32.16,34.3 1 0
github.com/nas-ai/api/src/database/postgres_sqlx.go:37.2,46.44 7 0
github.com/nas-ai/api/src/database/postgres_sqlx.go:46.44,49.3 2 0
github.com/nas-ai/api/src/database/postgres_sqlx.go:51.2,56.8 2 0
github.com/nas-ai/api/src/database/postgres_sqlx.go:60.30,63.2 2 0
github.com/nas-ai/api/src/database/postgres_sqlx.go:66.55,67.44 1 0
github.com/nas-ai/api/src/database/postgres_sqlx.go:67.44,70.3 2 0
github.com/nas-ai/api/src/database/postgres_sqlx.go:71.2,71.12 1 0
github.com/nas-ai/api/src/database/postgres_sqlx.go:79.70,81.16 2 0
github.com/nas-ai/api/src/database/postgres_sqlx.go:81.16,83.3 1 0
github.com/nas-ai/api/src/database/postgres_sqlx.go:85.2,85.15 1 0
github.com/nas-ai/api/src/database/postgres_sqlx.go:85.15,86.31 1 0
github.com/nas-ai/api/src/database/postgres_sqlx.go:86.31,88.12 2 0
github.com/nas-ai/api/src/database/postgres_sqlx.go:92.2,92.31 1 0
github.com/nas-ai/api/src/database/postgres_sqlx.go:92.31,93.43 1 0
github.com/nas-ai/api/src/database/postgres_sqlx.go:93.43,98.4 1 0
github.com/nas-ai/api/src/database/postgres_sqlx.go:99.3,99.13 1 0
github.com/nas-ai/api/src/database/postgres_sqlx.go:102.2,102.36 1 0
github.com/nas-ai/api/src/database/postgres_sqlx.go:102.36,104.3 1 0
github.com/nas-ai/api/src/database/postgres_sqlx.go:106.2,106.12 1 0
github.com/nas-ai/api/src/database/redis.go:21.90,43.47 5 0
github.com/nas-ai/api/src/database/redis.go:43.47,46.3 2 0
github.com/nas-ai/api/src/database/redis.go:48.2,53.8 2 0
github.com/nas-ai/api/src/database/redis.go:57.37,60.2 2 0
github.com/nas-ai/api/src/database/redis.go:63.62,64.49 1 0
github.com/nas-ai/api/src/database/redis.go:64.49,67.3 2 0
github.com/nas-ai/api/src/database/redis.go:68.2,68.12 1 0
github.com/nas-ai/api/src/domain/auth/entity.go:39.42,50.2 1 0
github.com/nas-ai/api/src/domain/auth/entity.go:53.31,55.2 1 0
github.com/nas-ai/api/src/domain/files/entity.go:19.40,20.11 1 0
github.com/nas-ai/api/src/domain/files/entity.go:21.56,22.14 1 0
github.com/nas-ai/api/src/domain/files/entity.go:24.2,24.14 1 0
github.com/nas-ai/api/src/domain/files/entity.go:93.64,94.18 1 0
github.com/nas-ai/api/src/domain/files/entity.go:94.18,96.3 1 0
github.com/nas-ai/api/src/domain/files/entity.go:98.2,99.27 2 0
github.com/nas-ai/api/src/domain/files/entity.go:100.14,101.12 1 0
github.com/nas-ai/api/src/domain/files/entity.go:102.14,103.20 1 0
github.com/nas-ai/api/src/domain/files/entity.go:104.10,105.13 1 0
github.com/nas-ai/api/src/domain/files/entity.go:108.2,108.53 1 0
github.com/nas-ai/api/src/domain/files/entity.go:112.62,113.52 1 0
github.com/nas-ai/api/src/domain/files/entity.go:113.52,115.3 1 0
github.com/nas-ai/api/src/domain/files/entity.go:116.2,116.43 1 0
github.com/nas-ai/api/src/domain/files/entity.go:134.42,147.2 1 0
github.com/nas-ai/api/src/domain/files/entity.go:150.35,152.2 1 0
github.com/nas-ai/api/src/domain/files/entity.go:155.39,157.2 1 0
github.com/nas-ai/api/src/domain/files/entity.go:160.33,162.2 1 0
github.com/nas-ai/api/src/domain/files/entity.go:165.35,167.24 2 0
github.com/nas-ai/api/src/domain/files/entity.go:167.24,169.3 1 0
github.com/nas-ai/api/src/domain/files/entity.go:170.2,171.52 2 0
github.com/nas-ai/api/src/domain/files/entity.go:171.52,174.3 2 0
github.com/nas-ai/api/src/domain/files/entity.go:175.2,175.92 1 0
github.com/nas-ai/api/src/domain/files/entity.go:179.32,181.2 1 0
github.com/nas-ai/api/src/domain/files/entity.go:183.36,186.15 2 0
github.com/nas-ai/api/src/domain/files/entity.go:186.15,188.3 1 0
github.com/nas-ai/api/src/domain/files/entity.go:189.2,189.62 1 0
github.com/nas-ai/api/src/domain/files/share.go:18.35,19.11 1 0
github.com/nas-ai/api/src/domain/files/share.go:20.44,21.14 1 0
github.com/nas-ai/api/src/domain/files/share.go:23.2,23.14 1 0
github.com/nas-ai/api/src/domain/files/share.go:36.41,37.11 1 0
github.com/nas-ai/api/src/domain/files/share.go:38.53,39.14 1 0
github.com/nas-ai/api/src/domain/files/share.go:41.2,41.14 1 0
github.com/nas-ai/api/src/domain/files/share.go:113.66,114.18 1 0
github.com/nas-ai/api/src/domain/files/share.go:114.18,116.3 1 0
github.com/nas-ai/api/src/domain/files/share.go:118.2,119.27 2 0
github.com/nas-ai/api/src/domain/files/share.go:120.14,121.12 1 0
github.com/nas-ai/api/src/domain/files/share.go:122.14,123.20 1 0
github.com/nas-ai/api/src/domain/files/share.go:124.10,125.13 1 0
github.com/nas-ai/api/src/domain/files/share.go:128.2,128.55 1 0
github.com/nas-ai/api/src/domain/files/share.go:132.64,133.56 1 0
github.com/nas-ai/api/src/domain/files/share.go:133.56,135.3 1 0
github.com/nas-ai/api/src/domain/files/share.go:136.2,136.45 1 0
github.com/nas-ai/api/src/domain/files/share.go:155.44,169.2 1 0
github.com/nas-ai/api/src/domain/files/share.go:172.34,173.24 1 0
github.com/nas-ai/api/src/domain/files/share.go:173.24,175.3 1 0
github.com/nas-ai/api/src/domain/files/share.go:176.2,176.39 1 0
github.com/nas-ai/api/src/domain/files/share.go:180.36,182.2 1 0
github.com/nas-ai/api/src/domain/files/share.go:185.36,187.2 1 0
github.com/nas-ai/api/src/domain/files/share.go:190.40,192.2 1 0
github.com/nas-ai/api/src/domain/files/share.go:195.47,197.21 1 0
github.com/nas-ai/api/src/domain/files/share.go:197.21,199.3 1 0
github.com/nas-ai/api/src/domain/files/share.go:202.2,202.64 1 0
github.com/nas-ai/api/src/domain/files/share.go:202.64,204.3 1 0
github.com/nas-ai/api/src/domain/files/share.go:206.2,206.14 1 0
github.com/nas-ai/api/src/drivers/storage/local_store.go:19.58,21.16 2 0
github.com/nas-ai/api/src/drivers/storage/local_store.go:21.16,23.3 1 0
github.com/nas-ai/api/src/drivers/storage/local_store.go:25.2,25.52 1 0
github.com/nas-ai/api/src/drivers/storage/local_store.go:25.52,27.3 1 0
github.com/nas-ai/api/src/drivers/storage/local_store.go:29.2,31.8 1 0
github.com/nas-ai/api/src/drivers/storage/local_store.go:34.63,35.33 1 0
github.com/nas-ai/api/src/drivers/storage/local_store.go:35.33,37.3 1 0
github.com/nas-ai/api/src/drivers/storage/local_store.go:39.2,44.16 5 0
github.com/nas-ai/api/src/drivers/storage/local_store.go:44.16,46.3 1 0
github.com/nas-ai/api/src/drivers/storage/local_store.go:48.2,48.87 1 0
github.com/nas-ai/api/src/drivers/storage/local_store.go:48.87,50.3 1 0
github.com/nas-ai/api/src/drivers/storage/local_store.go:52.2,52.17 1 0
github.com/nas-ai/api/src/drivers/storage/local_store.go:55.100,57.16 2 0
github.com/nas-ai/api/src/drivers/storage/local_store.go:57.16,59.3 1 0
github.com/nas-ai/api/src/drivers/storage/local_store.go:61.2,61.65 1 0
github.com/nas-ai/api/src/drivers/storage/local_store.go:61.65,63.3 1 0
github.com/nas-ai/api/src/drivers/storage/local_store.go:65.2,66.16 2 0
github.com/nas-ai/api/src/drivers/storage/local_store.go:66.16,68.3 1 0
github.com/nas-ai/api/src/drivers/storage/local_store.go:69.2,72.16 3 0
github.com/nas-ai/api/src/drivers/storage/local_store.go:72.16,75.3 2 0
github.com/nas-ai/api/src/drivers/storage/local_store.go:77.2,77.15 1 0
github.com/nas-ai/api/src/drivers/storage/local_store.go:80.91,82.16 2 0
github.com/nas-ai/api/src/drivers/storage/local_store.go:82.16,84.3 1 0
github.com/nas-ai/api/src/drivers/storage/local_store.go:86.2,86.24 1 0
github.com/nas-ai/api/src/drivers/storage/local_store.go:89.72,91.16 2 0
github.com/nas-ai/api/src/drivers/storage/local_store.go:91.16,93.3 1 0
github.com/nas-ai/api/src/drivers/storage/local_store.go:94.2,94.44 1 0
github.com/nas-ai/api/src/drivers/storage/local_store.go:94.44,96.3 1 0
github.com/nas-ai/api/src/drivers/storage/local_store.go:97.2,97.29 1 0
github.com/nas-ai/api/src/drivers/storage/local_store.go:100.77,102.16 2 0
github.com/nas-ai/api/src/drivers/storage/local_store.go:102.16,104.3 1 0
github.com/nas-ai/api/src/drivers/storage/local_store.go:105.2,106.16 2 0
github.com/nas-ai/api/src/drivers/storage/local_store.go:106.16,108.3 1 0
github.com/nas-ai/api/src/drivers/storage/local_store.go:110.2,110.62 1 0
github.com/nas-ai/api/src/drivers/storage/local_store.go:110.62,112.3 1 0
github.com/nas-ai/api/src/drivers/storage/local_store.go:114.2,114.28 1 0
github.com/nas-ai/api/src/drivers/storage/local_store.go:117.71,119.16 2 0
github.com/nas-ai/api/src/drivers/storage/local_store.go:119.16,121.3 1 0
github.com/nas-ai/api/src/drivers/storage/local_store.go:122.2,122.35 1 0
github.com/nas-ai/api/src/drivers/storage/local_store.go:125.88,127.16 2 0
github.com/nas-ai/api/src/drivers/storage/local_store.go:127.16,129.3 1 0
github.com/nas-ai/api/src/drivers/storage/local_store.go:131.2,132.16 2 0
github.com/nas-ai/api/src/drivers/storage/local_store.go:132.16,134.3 1 0
github.com/nas-ai/api/src/drivers/storage/local_store.go:136.2,137.28 2 0
github.com/nas-ai/api/src/drivers/storage/local_store.go:137.28,139.17 2 0
github.com/nas-ai/api/src/drivers/storage/local_store.go:139.17,140.12 1 0
github.com/nas-ai/api/src/drivers/storage/local_store.go:143.3,144.20 2 0
github.com/nas-ai/api/src/drivers/storage/local_store.go:144.20,146.4 1 0
github.com/nas-ai/api/src/drivers/storage/local_store.go:148.3,157.5 2 0
github.com/nas-ai/api/src/drivers/storage/local_store.go:160.2,160.19 1 0
github.com/nas-ai/api/src/drivers/storage/local_store.go:163.87,165.16 2 0
github.com/nas-ai/api/src/drivers/storage/local_store.go:165.16,167.3 1 0
github.com/nas-ai/api/src/drivers/storage/local_store.go:169.2,170.16 2 0
github.com/nas-ai/api/src/drivers/storage/local_store.go:170.16,172.3 1 0
github.com/nas-ai/api/src/drivers/storage/local_store.go:174.2,175.19 2 0
github.com/nas-ai/api/src/drivers/storage/local_store.go:175.19,177.3 1 0
github.com/nas-ai/api/src/drivers/storage/local_store.go:179.2,186.8 1 0
github.com/nas-ai/api/src/drivers/storage/local_store.go:189.66,191.2 1 0
github.com/nas-ai/api/src/config/config.go:79.36,81.2 1 0
github.com/nas-ai/api/src/config/config.go:85.43,104.33 4 0
github.com/nas-ai/api/src/config/config.go:104.33,106.3 1 0
github.com/nas-ai/api/src/config/config.go:110.2,110.66 1 0
github.com/nas-ai/api/src/config/config.go:110.66,112.17 2 0
github.com/nas-ai/api/src/config/config.go:112.17,114.4 1 0
github.com/nas-ai/api/src/config/config.go:115.3,116.33 2 0
github.com/nas-ai/api/src/config/config.go:117.8,119.26 2 0
github.com/nas-ai/api/src/config/config.go:119.26,121.4 1 0
github.com/nas-ai/api/src/config/config.go:125.2,125.57 1 0
github.com/nas-ai/api/src/config/config.go:125.57,127.3 1 0
github.com/nas-ai/api/src/config/config.go:131.2,132.27 2 0
github.com/nas-ai/api/src/config/config.go:132.27,141.3 6 0
github.com/nas-ai/api/src/config/config.go:144.2,145.24 2 0
github.com/nas-ai/api/src/config/config.go:145.24,149.3 3 0
github.com/nas-ai/api/src/config/config.go:152.2,162.35 7 0
github.com/nas-ai/api/src/config/config.go:162.35,164.3 1 0
github.com/nas-ai/api/src/config/config.go:166.2,166.49 1 0
github.com/nas-ai/api/src/config/config.go:166.49,168.3 1 0
github.com/nas-ai/api/src/config/config.go:169.2,169.34 1 0
github.com/nas-ai/api/src/config/config.go:169.34,171.3 1 0
github.com/nas-ai/api/src/config/config.go:172.2,172.52 1 0
github.com/nas-ai/api/src/config/config.go:172.52,174.3 1 0
github.com/nas-ai/api/src/config/config.go:176.2,176.17 1 0
github.com/nas-ai/api/src/config/config.go:180.42,181.42 1 0
github.com/nas-ai/api/src/config/config.go:181.42,183.3 1 0
github.com/nas-ai/api/src/config/config.go:184.2,184.17 1 0
github.com/nas-ai/api/src/config/config.go:188.46,189.42 1 0
github.com/nas-ai/api/src/config/config.go:189.42,192.17 3 0
github.com/nas-ai/api/src/config/config.go:192.17,194.4 1 0
github.com/nas-ai/api/src/config/config.go:196.2,196.17 1 0
github.com/nas-ai/api/src/config/config_viper.go:13.45,45.16 14 1
github.com/nas-ai/api/src/config/config_viper.go:45.16,47.3 1 0
github.com/nas-ai/api/src/config/config_viper.go:49.2,50.16 2 1
github.com/nas-ai/api/src/config/config_viper.go:50.16,52.3 1 0
github.com/nas-ai/api/src/config/config_viper.go:54.2,55.16 2 1
github.com/nas-ai/api/src/config/config_viper.go:55.16,57.3 1 0
github.com/nas-ai/api/src/config/config_viper.go:60.2,122.27 2 1
github.com/nas-ai/api/src/config/config_viper.go:122.27,131.3 1 1
github.com/nas-ai/api/src/config/config_viper.go:134.2,134.24 1 1
github.com/nas-ai/api/src/config/config_viper.go:134.24,136.3 1 1
github.com/nas-ai/api/src/config/config_viper.go:139.2,139.44 1 1
github.com/nas-ai/api/src/config/config_viper.go:139.44,141.3 1 1
github.com/nas-ai/api/src/config/config_viper.go:143.2,143.17 1 1
github.com/nas-ai/api/src/config/config_viper.go:147.34,189.2 22 1
github.com/nas-ai/api/src/config/config_viper.go:192.34,251.2 33 1
github.com/nas-ai/api/src/config/config_viper.go:254.40,256.57 1 1
github.com/nas-ai/api/src/config/config_viper.go:256.57,258.3 1 1
github.com/nas-ai/api/src/config/config_viper.go:260.2,260.35 1 1
github.com/nas-ai/api/src/config/config_viper.go:260.35,262.3 1 0
github.com/nas-ai/api/src/config/config_viper.go:264.2,264.46 1 1
github.com/nas-ai/api/src/config/config_viper.go:264.46,266.3 1 1
github.com/nas-ai/api/src/config/config_viper.go:268.2,268.43 1 1
github.com/nas-ai/api/src/config/config_viper.go:268.43,270.3 1 0
github.com/nas-ai/api/src/config/config_viper.go:273.2,273.41 1 1
github.com/nas-ai/api/src/config/config_viper.go:273.41,274.20 1 1
github.com/nas-ai/api/src/config/config_viper.go:274.20,276.4 1 0
github.com/nas-ai/api/src/config/config_viper.go:279.2,279.49 1 1
github.com/nas-ai/api/src/config/config_viper.go:279.49,281.3 1 0
github.com/nas-ai/api/src/config/config_viper.go:282.2,282.34 1 1
github.com/nas-ai/api/src/config/config_viper.go:282.34,284.3 1 0
github.com/nas-ai/api/src/config/config_viper.go:285.2,285.52 1 1
github.com/nas-ai/api/src/config/config_viper.go:285.52,287.3 1 0
github.com/nas-ai/api/src/config/config_viper.go:289.2,289.47 1 1
github.com/nas-ai/api/src/config/config_viper.go:289.47,291.3 1 0
github.com/nas-ai/api/src/config/config_viper.go:294.2,300.33 2 1
github.com/nas-ai/api/src/config/config_viper.go:300.33,302.3 1 0
github.com/nas-ai/api/src/config/config_viper.go:305.2,311.35 2 1
github.com/nas-ai/api/src/config/config_viper.go:311.35,313.3 1 0
github.com/nas-ai/api/src/config/config_viper.go:315.2,315.12 1 1
github.com/nas-ai/api/src/config/config_viper.go:319.42,320.13 1 1
github.com/nas-ai/api/src/config/config_viper.go:320.13,322.3 1 0
github.com/nas-ai/api/src/config/config_viper.go:324.2,327.29 3 1
github.com/nas-ai/api/src/config/config_viper.go:327.29,329.20 2 1
github.com/nas-ai/api/src/config/config_viper.go:329.20,331.4 1 1
github.com/nas-ai/api/src/config/config_viper.go:334.2,334.15 1 1
github.com/nas-ai/api/src/config/config_viper.go:338.31,354.2 15 0
github.com/nas-ai/api/src/config/config_viper.go:357.34,358.17 1 0
github.com/nas-ai/api/src/config/config_viper.go:358.17,360.3 1 0
github.com/nas-ai/api/src/config/config_viper.go:361.2,361.37 1 0
github.com/nas-ai/api/src/config/config_viper.go:365.44,366.30 1 0
github.com/nas-ai/api/src/config/config_viper.go:366.30,368.22 2 0
github.com/nas-ai/api/src/config/config_viper.go:368.22,370.26 2 0
github.com/nas-ai/api/src/config/config_viper.go:370.26,372.5 1 0
github.com/nas-ai/api/src/config/config_viper.go:375.2,375.10 1 0
github.com/nas-ai/api/src/config/config_viper.go:379.78,380.65 1 1
github.com/nas-ai/api/src/config/config_viper.go:380.65,382.17 2 1
github.com/nas-ai/api/src/config/config_viper.go:382.17,384.4 1 0
github.com/nas-ai/api/src/config/config_viper.go:385.3,385.21 1 1
github.com/nas-ai/api/src/config/config_viper.go:387.2,387.33 1 1
github.com/nas-ai/api/src/config/secret_validation.go:13.54,15.16 2 1
github.com/nas-ai/api/src/config/secret_validation.go:15.16,17.3 1 0
github.com/nas-ai/api/src/config/secret_validation.go:19.2,20.18 2 1
github.com/nas-ai/api/src/config/secret_validation.go:20.18,22.3 1 0
github.com/nas-ai/api/src/config/secret_validation.go:24.2,24.20 1 1
github.com/nas-ai/api/src/config/secret_validation.go:28.45,30.19 2 1
github.com/nas-ai/api/src/config/secret_validation.go:30.19,32.3 1 1
github.com/nas-ai/api/src/config/secret_validation.go:34.2,34.39 1 1
github.com/nas-ai/api/src/config/secret_validation.go:34.39,36.3 1 1
github.com/nas-ai/api/src/config/secret_validation.go:38.2,38.12 1 1
github.com/nas-ai/api/src/handlers/backups.go:13.100,14.30 1 0
github.com/nas-ai/api/src/handlers/backups.go:14.30,16.17 2 0
github.com/nas-ai/api/src/handlers/backups.go:16.17,20.4 3 0
github.com/nas-ai/api/src/handlers/backups.go:21.3,21.47 1 0
github.com/nas-ai/api/src/handlers/backups.go:25.122,26.30 1 0
github.com/nas-ai/api/src/handlers/backups.go:26.30,29.17 2 0
github.com/nas-ai/api/src/handlers/backups.go:29.17,33.4 3 0
github.com/nas-ai/api/src/handlers/backups.go:34.3,34.44 1 0
github.com/nas-ai/api/src/handlers/backups.go:38.123,39.30 1 0
github.com/nas-ai/api/src/handlers/backups.go:39.30,44.15 4 0
github.com/nas-ai/api/src/handlers/backups.go:44.15,53.4 2 0
github.com/nas-ai/api/src/handlers/backups.go:55.3,65.17 4 0
github.com/nas-ai/api/src/handlers/backups.go:65.17,79.4 3 0
github.com/nas-ai/api/src/handlers/backups.go:81.3,87.53 2 0
github.com/nas-ai/api/src/handlers/backups.go:87.53,104.4 3 0
github.com/nas-ai/api/src/handlers/backups.go:106.3,118.5 2 0
github.com/nas-ai/api/src/handlers/backups.go:122.102,123.30 1 0
github.com/nas-ai/api/src/handlers/backups.go:123.30,125.15 2 0
github.com/nas-ai/api/src/handlers/backups.go:125.15,128.4 2 0
github.com/nas-ai/api/src/handlers/backups.go:129.3,129.52 1 0
github.com/nas-ai/api/src/handlers/backups.go:129.52,133.4 3 0
github.com/nas-ai/api/src/handlers/backups.go:134.3,134.62 1 0
github.com/nas-ai/api/src/handlers/profile.go:16.19,17.30 1 0
github.com/nas-ai/api/src/handlers/profile.go:17.30,22.19 3 0
github.com/nas-ai/api/src/handlers/profile.go:22.19,31.4 2 0
github.com/nas-ai/api/src/handlers/profile.go:34.3,36.17 3 0
github.com/nas-ai/api/src/handlers/profile.go:36.17,46.4 3 0
github.com/nas-ai/api/src/handlers/profile.go:48.3,48.18 1 0
github.com/nas-ai/api/src/handlers/profile.go:48.18,57.4 2 0
github.com/nas-ai/api/src/handlers/profile.go:59.3,61.5 1 0
github.com/nas-ai/api/src/handlers/ai/chat.go:45.140,47.19 2 0
github.com/nas-ai/api/src/handlers/ai/chat.go:47.19,49.3 1 0
github.com/nas-ai/api/src/handlers/ai/chat.go:52.2,54.30 2 0
github.com/nas-ai/api/src/handlers/ai/chat.go:54.30,56.21 2 0
github.com/nas-ai/api/src/handlers/ai/chat.go:56.21,59.4 2 0
github.com/nas-ai/api/src/handlers/ai/chat.go:61.3,70.17 4 0
github.com/nas-ai/api/src/handlers/ai/chat.go:70.17,74.4 3 0
github.com/nas-ai/api/src/handlers/ai/chat.go:77.3,78.17 2 0
github.com/nas-ai/api/src/handlers/ai/chat.go:78.17,82.4 3 0
github.com/nas-ai/api/src/handlers/ai/chat.go:83.3,86.17 3 0
github.com/nas-ai/api/src/handlers/ai/chat.go:86.17,90.4 3 0
github.com/nas-ai/api/src/handlers/ai/chat.go:91.3,95.17 3 0
github.com/nas-ai/api/src/handlers/ai/chat.go:95.17,99.4 3 0
github.com/nas-ai/api/src/handlers/ai/chat.go:101.3,101.39 1 0
github.com/nas-ai/api/src/handlers/ai/chat.go:101.39,105.4 3 0
github.com/nas-ai/api/src/handlers/ai/chat.go:108.3,108.50 1 0
github.com/nas-ai/api/src/handlers/ai/chat.go:113.110,115.2 1 0
github.com/nas-ai/api/src/handlers/ai/knowledge.go:30.19,31.30 1 0
github.com/nas-ai/api/src/handlers/ai/knowledge.go:31.30,34.28 2 0
github.com/nas-ai/api/src/handlers/ai/knowledge.go:34.28,40.4 2 0
github.com/nas-ai/api/src/handlers/ai/knowledge.go:42.3,46.87 3 0
github.com/nas-ai/api/src/handlers/ai/knowledge.go:46.87,47.18 1 0
github.com/nas-ai/api/src/handlers/ai/knowledge.go:47.18,49.5 1 0
github.com/nas-ai/api/src/handlers/ai/knowledge.go:50.4,50.20 1 0
github.com/nas-ai/api/src/handlers/ai/knowledge.go:50.20,52.71 1 0
github.com/nas-ai/api/src/handlers/ai/knowledge.go:52.71,54.6 1 0
github.com/nas-ai/api/src/handlers/ai/knowledge.go:55.5,55.15 1 0
github.com/nas-ai/api/src/handlers/ai/knowledge.go:58.4,58.43 1 0
github.com/nas-ai/api/src/handlers/ai/knowledge.go:58.43,60.5 1 0
github.com/nas-ai/api/src/handlers/ai/knowledge.go:62.4,63.14 2 0
github.com/nas-ai/api/src/handlers/ai/knowledge.go:66.3,66.17 1 0
github.com/nas-ai/api/src/handlers/ai/knowledge.go:66.17,73.4 3 0
github.com/nas-ai/api/src/handlers/ai/knowledge.go:75.3,79.17 3 0
github.com/nas-ai/api/src/handlers/ai/knowledge.go:79.17,86.4 3 0
github.com/nas-ai/api/src/handlers/ai/knowledge.go:88.3,98.5 2 0
github.com/nas-ai/api/src/handlers/ai/query.go:32.146,34.19 2 0
github.com/nas-ai/api/src/handlers/ai/query.go:34.19,36.3 1 0
github.com/nas-ai/api/src/handlers/ai/query.go:37.2,39.30 2 0
github.com/nas-ai/api/src/handlers/ai/query.go:39.30,41.48 2 0
github.com/nas-ai/api/src/handlers/ai/query.go:41.48,44.4 2 0
github.com/nas-ai/api/src/handlers/ai/query.go:46.3,46.41 1 0
github.com/nas-ai/api/src/handlers/ai/query.go:46.41,49.4 2 0
github.com/nas-ai/api/src/handlers/ai/query.go:52.3,54.36 2 0
github.com/nas-ai/api/src/handlers/ai/query.go:54.36,58.4 2 0
github.com/nas-ai/api/src/handlers/ai/query.go:61.3,61.53 1 0
github.com/nas-ai/api/src/handlers/ai/query.go:66.105,72.62 4 0
github.com/nas-ai/api/src/handlers/ai/query.go:72.62,76.3 3 0
github.com/nas-ai/api/src/handlers/ai/query.go:78.2,79.16 2 0
github.com/nas-ai/api/src/handlers/ai/query.go:79.16,83.3 3 0
github.com/nas-ai/api/src/handlers/ai/query.go:84.2,88.16 3 0
github.com/nas-ai/api/src/handlers/ai/query.go:88.16,90.47 2 0
github.com/nas-ai/api/src/handlers/ai/query.go:90.47,95.4 1 0
github.com/nas-ai/api/src/handlers/ai/query.go:95.9,100.4 1 0
github.com/nas-ai/api/src/handlers/ai/query.go:101.3,101.9 1 0
github.com/nas-ai/api/src/handlers/ai/query.go:103.2,107.16 3 0
github.com/nas-ai/api/src/handlers/ai/query.go:107.16,111.3 3 0
github.com/nas-ai/api/src/handlers/ai/query.go:114.2,114.51 1 0
github.com/nas-ai/api/src/handlers/ai/query.go:118.111,122.16 3 0
github.com/nas-ai/api/src/handlers/ai/query.go:122.16,129.3 3 0
github.com/nas-ai/api/src/handlers/ai/query.go:131.2,135.4 1 0
github.com/nas-ai/api/src/handlers/ai/query.go:139.50,140.22 1 0
github.com/nas-ai/api/src/handlers/ai/query.go:140.22,142.3 1 0
github.com/nas-ai/api/src/handlers/ai/query.go:143.2,143.17 1 0
github.com/nas-ai/api/src/handlers/ai/query.go:143.17,145.3 1 0
github.com/nas-ai/api/src/handlers/ai/query.go:146.2,146.29 1 0
github.com/nas-ai/api/src/handlers/ai/search.go:36.122,38.19 2 0
github.com/nas-ai/api/src/handlers/ai/search.go:38.19,40.3 1 0
github.com/nas-ai/api/src/handlers/ai/search.go:41.2,43.30 2 0
github.com/nas-ai/api/src/handlers/ai/search.go:43.30,45.18 2 0
github.com/nas-ai/api/src/handlers/ai/search.go:45.18,48.4 2 0
github.com/nas-ai/api/src/handlers/ai/search.go:50.3,51.17 2 0
github.com/nas-ai/api/src/handlers/ai/search.go:51.17,55.4 2 0
github.com/nas-ai/api/src/handlers/ai/search.go:58.3,59.31 2 0
github.com/nas-ai/api/src/handlers/ai/search.go:59.31,61.4 1 0
github.com/nas-ai/api/src/handlers/ai/search.go:62.3,178.17 7 0
github.com/nas-ai/api/src/handlers/ai/search.go:178.17,182.4 3 0
github.com/nas-ai/api/src/handlers/ai/search.go:183.3,186.19 3 0
github.com/nas-ai/api/src/handlers/ai/search.go:186.19,188.84 2 0
github.com/nas-ai/api/src/handlers/ai/search.go:188.84,192.5 3 0
github.com/nas-ai/api/src/handlers/ai/search.go:193.4,193.32 1 0
github.com/nas-ai/api/src/handlers/ai/search.go:195.3,195.36 1 0
github.com/nas-ai/api/src/handlers/ai/search.go:195.36,199.4 3 0
github.com/nas-ai/api/src/handlers/ai/search.go:201.3,204.5 1 0
github.com/nas-ai/api/src/handlers/ai/search.go:208.101,211.62 3 0
github.com/nas-ai/api/src/handlers/ai/search.go:211.62,213.3 1 0
github.com/nas-ai/api/src/handlers/ai/search.go:215.2,216.16 2 0
github.com/nas-ai/api/src/handlers/ai/search.go:216.16,218.3 1 0
github.com/nas-ai/api/src/handlers/ai/search.go:219.2,222.16 3 0
github.com/nas-ai/api/src/handlers/ai/search.go:222.16,224.3 1 0
github.com/nas-ai/api/src/handlers/ai/search.go:225.2,227.38 2 0
github.com/nas-ai/api/src/handlers/ai/search.go:227.38,230.3 2 0
github.com/nas-ai/api/src/handlers/ai/search.go:232.2,233.67 2 0
github.com/nas-ai/api/src/handlers/ai/search.go:233.67,235.3 1 0
github.com/nas-ai/api/src/handlers/ai/search.go:236.2,236.32 1 0
github.com/nas-ai/api/src/handlers/ai/search.go:236.32,238.3 1 0
github.com/nas-ai/api/src/handlers/ai/search.go:240.2,240.30 1 0
github.com/nas-ai/api/src/repository/system/monitoring_repository.go:19.92,21.2 1 0
github.com/nas-ai/api/src/repository/system/monitoring_repository.go:24.105,32.51 2 0
github.com/nas-ai/api/src/repository/system/monitoring_repository.go:32.51,35.3 2 0
github.com/nas-ai/api/src/repository/system/monitoring_repository.go:37.2,37.12 1 0
github.com/nas-ai/api/src/repository/system/monitoring_repository.go:41.110,42.16 1 0
github.com/nas-ai/api/src/repository/system/monitoring_repository.go:42.16,44.3 1 0
github.com/nas-ai/api/src/repository/system/monitoring_repository.go:46.2,54.16 3 0
github.com/nas-ai/api/src/repository/system/monitoring_repository.go:54.16,56.3 1 0
github.com/nas-ai/api/src/repository/system/monitoring_repository.go:57.2,60.18 3 0
github.com/nas-ai/api/src/repository/system/monitoring_repository.go:60.18,62.97 2 0
github.com/nas-ai/api/src/repository/system/monitoring_repository.go:62.97,64.4 1 0
github.com/nas-ai/api/src/repository/system/monitoring_repository.go:65.3,65.31 1 0
github.com/nas-ai/api/src/repository/system/monitoring_repository.go:68.2,68.21 1 0
github.com/nas-ai/api/src/repository/system/system_alerts_repository.go:20.92,25.2 1 0
github.com/nas-ai/api/src/repository/system/system_alerts_repository.go:28.94,37.64 3 0
github.com/nas-ai/api/src/repository/system/system_alerts_repository.go:37.64,40.3 2 0
github.com/nas-ai/api/src/repository/system/system_alerts_repository.go:42.2,42.20 1 0
github.com/nas-ai/api/src/repository/system/system_alerts_repository.go:46.88,54.16 3 0
github.com/nas-ai/api/src/repository/system/system_alerts_repository.go:54.16,57.3 2 0
github.com/nas-ai/api/src/repository/system/system_alerts_repository.go:59.2,60.16 2 0
github.com/nas-ai/api/src/repository/system/system_alerts_repository.go:60.16,62.3 1 0
github.com/nas-ai/api/src/repository/system/system_alerts_repository.go:64.2,64.22 1 0
github.com/nas-ai/api/src/repository/system/system_alerts_repository.go:68.104,77.81 3 0
github.com/nas-ai/api/src/repository/system/system_alerts_repository.go:77.81,78.27 1 0
github.com/nas-ai/api/src/repository/system/system_alerts_repository.go:78.27,80.4 1 0
github.com/nas-ai/api/src/repository/system/system_alerts_repository.go:81.3,81.67 1 0
github.com/nas-ai/api/src/repository/system/system_alerts_repository.go:84.2,84.18 1 0
github.com/nas-ai/api/src/repository/system/system_alerts_repository.go:88.94,94.75 2 0
github.com/nas-ai/api/src/repository/system/system_alerts_repository.go:94.75,97.3 2 0
github.com/nas-ai/api/src/repository/system/system_alerts_repository.go:99.2,99.12 1 0
github.com/nas-ai/api/src/repository/system/system_metrics_repository.go:19.94,24.2 1 0
github.com/nas-ai/api/src/repository/system/system_metrics_repository.go:26.98,39.16 3 0
github.com/nas-ai/api/src/repository/system/system_metrics_repository.go:39.16,42.3 2 0
github.com/nas-ai/api/src/repository/system/system_metrics_repository.go:43.2,45.17 2 0
github.com/nas-ai/api/src/repository/system/system_metrics_repository.go:45.17,46.66 1 0
github.com/nas-ai/api/src/repository/system/system_metrics_repository.go:46.66,48.4 1 0
github.com/nas-ai/api/src/repository/system/system_metrics_repository.go:51.2,51.12 1 0
github.com/nas-ai/api/src/repository/system/system_metrics_repository.go:54.103,55.31 1 0
github.com/nas-ai/api/src/repository/system/system_metrics_repository.go:55.31,57.3 1 0
github.com/nas-ai/api/src/repository/system/system_metrics_repository.go:59.2,66.70 3 0
github.com/nas-ai/api/src/repository/system/system_metrics_repository.go:66.70,69.3 2 0
github.com/nas-ai/api/src/repository/system/system_metrics_repository.go:70.2,70.19 1 0
github.com/nas-ai/api/src/middleware/core/cors.go:11.70,15.30 2 0
github.com/nas-ai/api/src/middleware/core/cors.go:15.30,19.62 2 0
github.com/nas-ai/api/src/middleware/core/cors.go:19.62,22.24 3 0
github.com/nas-ai/api/src/middleware/core/cors.go:22.24,24.5 1 0
github.com/nas-ai/api/src/middleware/core/cors.go:25.4,29.47 5 0
github.com/nas-ai/api/src/middleware/core/cors.go:30.9,30.26 1 0
github.com/nas-ai/api/src/middleware/core/cors.go:30.26,39.4 1 0
github.com/nas-ai/api/src/middleware/core/cors.go:41.3,41.36 1 0
github.com/nas-ai/api/src/middleware/core/cors.go:41.36,44.4 2 0
github.com/nas-ai/api/src/middleware/core/cors.go:45.3,45.11 1 0
github.com/nas-ai/api/src/middleware/core/cors.go:50.67,52.30 1 0
github.com/nas-ai/api/src/middleware/core/cors.go:52.30,54.3 1 0
github.com/nas-ai/api/src/middleware/core/cors.go:56.2,56.41 1 0
github.com/nas-ai/api/src/middleware/core/cors.go:56.41,57.24 1 0
github.com/nas-ai/api/src/middleware/core/cors.go:57.24,59.4 1 0
github.com/nas-ai/api/src/middleware/core/cors.go:62.2,62.14 1 0
github.com/nas-ai/api/src/middleware/core/headers.go:10.52,11.71 1 0
github.com/nas-ai/api/src/middleware/core/headers.go:11.71,19.3 6 0
github.com/nas-ai/api/src/middleware/core/headers.go:23.41,24.30 1 0
github.com/nas-ai/api/src/middleware/core/headers.go:24.30,32.3 7 0
github.com/nas-ai/api/src/middleware/core/logging.go:13.57,14.30 1 0
github.com/nas-ai/api/src/middleware/core/logging.go:14.30,29.19 6 0
github.com/nas-ai/api/src/middleware/core/logging.go:29.19,31.4 1 0
github.com/nas-ai/api/src/middleware/core/logging.go:34.3,50.10 3 0
github.com/nas-ai/api/src/middleware/core/logging.go:51.22,52.31 1 0
github.com/nas-ai/api/src/middleware/core/logging.go:53.22,54.30 1 0
github.com/nas-ai/api/src/middleware/core/logging.go:55.22,56.26 1 0
github.com/nas-ai/api/src/middleware/core/logging.go:57.11,58.35 1 0
github.com/nas-ai/api/src/middleware/core/logging.go:63.3,63.65 1 0
github.com/nas-ai/api/src/middleware/core/logging.go:63.65,74.4 1 0
github.com/nas-ai/api/src/middleware/core/panic.go:14.59,15.30 1 0
github.com/nas-ai/api/src/middleware/core/panic.go:15.30,16.16 1 0
github.com/nas-ai/api/src/middleware/core/panic.go:16.16,17.36 1 0
github.com/nas-ai/api/src/middleware/core/panic.go:17.36,43.5 4 0
github.com/nas-ai/api/src/middleware/core/panic.go:46.3,46.11 1 0
github.com/nas-ai/api/src/middleware/core/requestid.go:10.34,11.30 1 0
github.com/nas-ai/api/src/middleware/core/requestid.go:11.30,15.22 2 0
github.com/nas-ai/api/src/middleware/core/requestid.go:15.22,18.4 1 0
github.com/nas-ai/api/src/middleware/core/requestid.go:21.3,26.11 3 0
github.com/nas-ai/api/src/repository/files/file_embeddings_repository.go:26.96,28.2 1 0
github.com/nas-ai/api/src/repository/files/file_embeddings_repository.go:32.126,46.80 3 0
github.com/nas-ai/api/src/repository/files/file_embeddings_repository.go:46.80,49.3 2 0
github.com/nas-ai/api/src/repository/files/file_embeddings_repository.go:51.2,51.21 1 0
github.com/nas-ai/api/src/repository/files/file_embeddings_repository.go:55.79,58.60 3 0
github.com/nas-ai/api/src/repository/files/file_embeddings_repository.go:58.60,60.3 1 0
github.com/nas-ai/api/src/repository/files/file_embeddings_repository.go:61.2,61.19 1 0
github.com/nas-ai/api/src/repository/files/file_embeddings_repository.go:66.102,70.16 3 0
github.com/nas-ai/api/src/repository/files/file_embeddings_repository.go:70.16,76.3 2 0
github.com/nas-ai/api/src/repository/files/file_embeddings_repository.go:78.2,79.26 2 0
github.com/nas-ai/api/src/repository/files/file_repository.go:19.76,24.2 1 0
github.com/nas-ai/api/src/repository/files/file_repository.go:27.76,50.16 3 0
github.com/nas-ai/api/src/repository/files/file_repository.go:50.16,53.3 2 0
github.com/nas-ai/api/src/repository/files/file_repository.go:54.2,54.12 1 0
github.com/nas-ai/api/src/repository/files/file_repository.go:58.87,62.16 4 0
github.com/nas-ai/api/src/repository/files/file_repository.go:62.16,63.27 1 0
github.com/nas-ai/api/src/repository/files/file_repository.go:63.27,65.4 1 0
github.com/nas-ai/api/src/repository/files/file_repository.go:66.3,66.18 1 0
github.com/nas-ai/api/src/repository/files/file_repository.go:68.2,68.19 1 0
github.com/nas-ai/api/src/repository/files/file_repository.go:72.75,76.2 3 0
github.com/nas-ai/api/src/repository/files/file_repository.go:79.75,83.2 3 0
github.com/nas-ai/api/src/repository/files/honeyfile_repository.go:43.86,45.2 1 0
github.com/nas-ai/api/src/repository/files/honeyfile_repository.go:48.116,59.16 2 0
github.com/nas-ai/api/src/repository/files/honeyfile_repository.go:59.16,62.3 2 0
github.com/nas-ai/api/src/repository/files/honeyfile_repository.go:63.2,63.12 1 0
github.com/nas-ai/api/src/repository/files/honeyfile_repository.go:67.99,71.16 4 0
github.com/nas-ai/api/src/repository/files/honeyfile_repository.go:71.16,73.3 1 0
github.com/nas-ai/api/src/repository/files/honeyfile_repository.go:74.2,74.16 1 0
github.com/nas-ai/api/src/repository/files/honeyfile_repository.go:79.104,95.16 4 0
github.com/nas-ai/api/src/repository/files/honeyfile_repository.go:95.16,97.3 1 0
github.com/nas-ai/api/src/repository/files/honeyfile_repository.go:99.2,100.16 2 0
github.com/nas-ai/api/src/repository/files/honeyfile_repository.go:104.82,107.16 3 0
github.com/nas-ai/api/src/repository/files/honeyfile_repository.go:107.16,109.3 1 0
github.com/nas-ai/api/src/repository/files/honeyfile_repository.go:110.2,110.19 1 0
github.com/nas-ai/api/src/repository/files/honeyfile_repository.go:114.70,128.2 3 0
github.com/nas-ai/api/src/repository/files/honeyfile_repository.go:131.128,145.16 4 0
github.com/nas-ai/api/src/repository/files/honeyfile_repository.go:145.16,147.3 1 0
github.com/nas-ai/api/src/repository/files/honeyfile_repository.go:148.2,148.15 1 0
github.com/nas-ai/api/src/repository/files/honeyfile_repository.go:152.81,155.16 3 0
github.com/nas-ai/api/src/repository/files/honeyfile_repository.go:155.16,160.3 1 0
github.com/nas-ai/api/src/repository/files/honeyfile_repository.go:163.2,163.18 1 0
github.com/nas-ai/api/src/repository/files/honeyfile_repository.go:163.18,165.3 1 0
github.com/nas-ai/api/src/repository/files/honeyfile_repository.go:166.2,166.19 1 0
github.com/nas-ai/api/src/repository/files/honeyfile_repository.go:170.82,173.2 2 0
github.com/nas-ai/api/src/repository/settings/system_settings_repository.go:24.96,26.2 1 0
github.com/nas-ai/api/src/repository/settings/system_settings_repository.go:29.75,38.56 2 0
github.com/nas-ai/api/src/repository/settings/system_settings_repository.go:38.56,41.3 2 0
github.com/nas-ai/api/src/repository/settings/system_settings_repository.go:42.2,42.12 1 0
github.com/nas-ai/api/src/repository/settings/system_settings_repository.go:46.91,48.16 2 0
github.com/nas-ai/api/src/repository/settings/system_settings_repository.go:48.16,50.3 1 0
github.com/nas-ai/api/src/repository/settings/system_settings_repository.go:51.2,54.18 3 0
github.com/nas-ai/api/src/repository/settings/system_settings_repository.go:54.18,56.49 2 0
github.com/nas-ai/api/src/repository/settings/system_settings_repository.go:56.49,58.4 1 0
github.com/nas-ai/api/src/repository/settings/system_settings_repository.go:59.3,59.19 1 0
github.com/nas-ai/api/src/repository/settings/system_settings_repository.go:61.2,61.24 1 0
github.com/nas-ai/api/src/repository/settings/system_settings_repository.go:65.100,67.16 2 0
github.com/nas-ai/api/src/repository/settings/system_settings_repository.go:67.16,69.3 1 0
github.com/nas-ai/api/src/repository/settings/system_settings_repository.go:71.2,78.16 2 0
github.com/nas-ai/api/src/repository/settings/system_settings_repository.go:78.16,81.3 2 0
github.com/nas-ai/api/src/repository/settings/system_settings_repository.go:82.2,85.27 3 0
github.com/nas-ai/api/src/repository/settings/system_settings_repository.go:85.27,86.61 1 0
github.com/nas-ai/api/src/repository/settings/system_settings_repository.go:86.61,89.4 2 0
github.com/nas-ai/api/src/repository/settings/system_settings_repository.go:92.2,92.36 1 0
github.com/nas-ai/api/src/repository/settings/system_settings_repository.go:92.36,94.3 1 0
github.com/nas-ai/api/src/repository/settings/system_settings_repository.go:95.2,95.12 1 0
github.com/nas-ai/api/src/handlers/system/alerts.go:13.111,14.30 1 0
github.com/nas-ai/api/src/handlers/system/alerts.go:14.30,18.17 3 0
github.com/nas-ai/api/src/handlers/system/alerts.go:18.17,31.4 3 0
github.com/nas-ai/api/src/handlers/system/alerts.go:33.3,35.5 1 0
github.com/nas-ai/api/src/handlers/system/alerts.go:40.113,41.30 1 0
github.com/nas-ai/api/src/handlers/system/alerts.go:41.30,44.15 3 0
github.com/nas-ai/api/src/handlers/system/alerts.go:44.15,53.4 2 0
github.com/nas-ai/api/src/handlers/system/alerts.go:55.3,56.17 2 0
github.com/nas-ai/api/src/handlers/system/alerts.go:56.17,70.4 3 0
github.com/nas-ai/api/src/handlers/system/alerts.go:72.3,72.15 1 0
github.com/nas-ai/api/src/handlers/system/alerts.go:72.15,81.4 2 0
github.com/nas-ai/api/src/handlers/system/alerts.go:83.3,87.5 1 0
github.com/nas-ai/api/src/handlers/system/alerts_create.go:19.112,20.30 1 0
github.com/nas-ai/api/src/handlers/system/alerts_create.go:20.30,24.48 3 0
github.com/nas-ai/api/src/handlers/system/alerts_create.go:24.48,33.4 2 0
github.com/nas-ai/api/src/handlers/system/alerts_create.go:35.3,38.38 3 0
github.com/nas-ai/api/src/handlers/system/alerts_create.go:38.38,47.4 2 0
github.com/nas-ai/api/src/handlers/system/alerts_create.go:49.3,49.77 1 0
github.com/nas-ai/api/src/handlers/system/alerts_create.go:49.77,62.4 3 0
github.com/nas-ai/api/src/handlers/system/alerts_create.go:64.3,67.5 1 0
github.com/nas-ai/api/src/handlers/system/capabilities.go:37.33,40.38 2 0
github.com/nas-ai/api/src/handlers/system/capabilities.go:40.38,43.18 2 0
github.com/nas-ai/api/src/handlers/system/capabilities.go:43.18,45.4 1 0
github.com/nas-ai/api/src/handlers/system/capabilities.go:49.2,50.16 2 0
github.com/nas-ai/api/src/handlers/system/capabilities.go:50.16,52.30 2 0
github.com/nas-ai/api/src/handlers/system/capabilities.go:52.30,53.45 1 0
github.com/nas-ai/api/src/handlers/system/capabilities.go:53.45,55.24 2 0
github.com/nas-ai/api/src/handlers/system/capabilities.go:55.24,57.6 1 0
github.com/nas-ai/api/src/handlers/system/capabilities.go:63.2,64.14 2 0
github.com/nas-ai/api/src/handlers/system/capabilities.go:65.15,66.24 1 0
github.com/nas-ai/api/src/handlers/system/capabilities.go:67.13,68.22 1 0
github.com/nas-ai/api/src/handlers/system/capabilities.go:69.15,70.25 1 0
github.com/nas-ai/api/src/handlers/system/capabilities.go:71.10,72.26 1 0
github.com/nas-ai/api/src/handlers/system/capabilities.go:85.82,89.30 2 0
github.com/nas-ai/api/src/handlers/system/capabilities.go:89.30,99.38 3 0
github.com/nas-ai/api/src/handlers/system/capabilities.go:99.38,101.4 1 0
github.com/nas-ai/api/src/handlers/system/capabilities.go:104.3,105.24 2 0
github.com/nas-ai/api/src/handlers/system/capabilities.go:105.24,107.18 2 0
github.com/nas-ai/api/src/handlers/system/capabilities.go:107.18,113.5 2 0
github.com/nas-ai/api/src/handlers/system/capabilities.go:115.4,115.20 1 0
github.com/nas-ai/api/src/handlers/system/capabilities.go:115.20,121.5 2 0
github.com/nas-ai/api/src/handlers/system/capabilities.go:124.4,125.45 2 0
github.com/nas-ai/api/src/handlers/system/capabilities.go:128.3,128.34 1 0
github.com/nas-ai/api/src/handlers/system/capabilities.go:134.43,137.30 2 0
github.com/nas-ai/api/src/handlers/system/capabilities.go:137.30,145.3 1 0
github.com/nas-ai/api/src/handlers/system/health.go:21.59,23.52 2 0
github.com/nas-ai/api/src/handlers/system/health.go:23.52,25.3 1 0
github.com/nas-ai/api/src/handlers/system/health.go:26.2,29.8 4 0
github.com/nas-ai/api/src/handlers/system/health.go:33.61,34.75 1 0
github.com/nas-ai/api/src/handlers/system/health.go:34.75,35.17 1 0
github.com/nas-ai/api/src/handlers/system/health.go:35.17,37.4 1 0
github.com/nas-ai/api/src/handlers/system/health.go:38.3,38.19 1 0
github.com/nas-ai/api/src/handlers/system/health.go:38.19,40.4 1 0
github.com/nas-ai/api/src/handlers/system/health.go:40.9,42.4 1 0
github.com/nas-ai/api/src/handlers/system/health.go:43.3,43.13 1 0
github.com/nas-ai/api/src/handlers/system/health.go:45.2,45.8 1 0
github.com/nas-ai/api/src/handlers/system/health.go:57.91,58.30 1 0
github.com/nas-ai/api/src/handlers/system/health.go:58.30,65.16 5 0
github.com/nas-ai/api/src/handlers/system/health.go:65.16,69.4 3 0
github.com/nas-ai/api/src/handlers/system/health.go:69.9,69.52 1 0
github.com/nas-ai/api/src/handlers/system/health.go:69.52,73.4 3 0
github.com/nas-ai/api/src/handlers/system/health.go:73.9,75.4 1 0
github.com/nas-ai/api/src/handlers/system/health.go:77.3,77.19 1 0
github.com/nas-ai/api/src/handlers/system/health.go:77.19,81.4 3 0
github.com/nas-ai/api/src/handlers/system/health.go:81.9,81.55 1 0
github.com/nas-ai/api/src/handlers/system/health.go:81.55,85.4 3 0
github.com/nas-ai/api/src/handlers/system/health.go:85.9,87.4 1 0
github.com/nas-ai/api/src/handlers/system/health.go:90.3,106.15 4 0
github.com/nas-ai/api/src/handlers/system/health.go:106.15,110.4 3 0
github.com/nas-ai/api/src/handlers/system/health.go:112.3,112.32 1 0
github.com/nas-ai/api/src/handlers/system/integrity.go:32.109,33.30 1 0
github.com/nas-ai/api/src/handlers/system/integrity.go:33.30,35.48 2 0
github.com/nas-ai/api/src/handlers/system/integrity.go:35.48,38.4 2 0
github.com/nas-ai/api/src/handlers/system/integrity.go:41.3,41.78 1 0
github.com/nas-ai/api/src/handlers/system/integrity.go:41.78,44.4 2 0
github.com/nas-ai/api/src/handlers/system/integrity.go:49.3,50.40 2 0
github.com/nas-ai/api/src/handlers/system/integrity.go:50.40,52.4 1 0
github.com/nas-ai/api/src/handlers/system/integrity.go:55.3,57.13 3 0
github.com/nas-ai/api/src/handlers/system/integrity.go:57.13,58.40 1 0
github.com/nas-ai/api/src/handlers/system/integrity.go:58.40,60.5 1 0
github.com/nas-ai/api/src/handlers/system/integrity.go:63.3,64.17 2 0
github.com/nas-ai/api/src/handlers/system/integrity.go:64.17,68.4 3 0
github.com/nas-ai/api/src/handlers/system/integrity.go:71.3,82.5 2 0
github.com/nas-ai/api/src/handlers/system/jobs.go:22.100,23.30 1 0
github.com/nas-ai/api/src/handlers/system/jobs.go:23.30,27.18 3 0
github.com/nas-ai/api/src/handlers/system/jobs.go:27.18,36.4 2 0
github.com/nas-ai/api/src/handlers/system/jobs.go:38.3,39.17 2 0
github.com/nas-ai/api/src/handlers/system/jobs.go:39.17,49.4 3 0
github.com/nas-ai/api/src/handlers/system/jobs.go:51.3,51.32 1 0
github.com/nas-ai/api/src/handlers/system/metrics.go:30.124,31.30 1 0
github.com/nas-ai/api/src/handlers/system/metrics.go:31.30,34.66 2 0
github.com/nas-ai/api/src/handlers/system/metrics.go:34.66,44.4 3 0
github.com/nas-ai/api/src/handlers/system/metrics.go:46.3,47.48 2 0
github.com/nas-ai/api/src/handlers/system/metrics.go:47.48,60.4 3 0
github.com/nas-ai/api/src/handlers/system/metrics.go:62.3,69.66 2 0
github.com/nas-ai/api/src/handlers/system/metrics.go:69.66,82.4 3 0
github.com/nas-ai/api/src/handlers/system/metrics.go:84.3,87.5 1 0
github.com/nas-ai/api/src/handlers/system/metrics.go:92.113,93.30 1 0
github.com/nas-ai/api/src/handlers/system/metrics.go:93.30,97.41 3 0
github.com/nas-ai/api/src/handlers/system/metrics.go:97.41,98.47 1 0
github.com/nas-ai/api/src/handlers/system/metrics.go:98.47,100.5 1 0
github.com/nas-ai/api/src/handlers/system/metrics.go:103.3,104.17 2 0
github.com/nas-ai/api/src/handlers/system/metrics.go:104.17,117.4 3 0
github.com/nas-ai/api/src/handlers/system/metrics.go:119.3,121.5 1 0
github.com/nas-ai/api/src/handlers/system/metrics.go:127.70,128.30 1 0
github.com/nas-ai/api/src/handlers/system/metrics.go:128.30,132.17 2 0
github.com/nas-ai/api/src/handlers/system/metrics.go:132.17,134.4 1 0
github.com/nas-ai/api/src/handlers/system/metrics.go:135.3,136.26 2 0
github.com/nas-ai/api/src/handlers/system/metrics.go:136.26,138.4 1 0
github.com/nas-ai/api/src/handlers/system/metrics.go:141.3,142.17 2 0
github.com/nas-ai/api/src/handlers/system/metrics.go:142.17,144.4 1 0
github.com/nas-ai/api/src/handlers/system/metrics.go:145.3,147.16 3 0
github.com/nas-ai/api/src/handlers/system/metrics.go:147.16,150.4 2 0
github.com/nas-ai/api/src/handlers/system/metrics.go:153.3,154.17 2 0
github.com/nas-ai/api/src/handlers/system/metrics.go:154.17,156.4 1 0
github.com/nas-ai/api/src/handlers/system/metrics.go:157.3,159.22 3 0
github.com/nas-ai/api/src/handlers/system/metrics.go:159.22,162.4 2 0
github.com/nas-ai/api/src/handlers/system/metrics.go:165.3,175.5 2 0
github.com/nas-ai/api/src/handlers/system/metrics.go:181.29,185.56 2 0
github.com/nas-ai/api/src/handlers/system/metrics.go:185.56,187.3 1 0
github.com/nas-ai/api/src/handlers/system/metrics.go:190.2,191.16 2 0
github.com/nas-ai/api/src/handlers/system/metrics.go:191.16,193.3 1 0
github.com/nas-ai/api/src/handlers/system/metrics.go:195.2,195.29 1 0
github.com/nas-ai/api/src/handlers/system/metrics.go:195.29,196.67 1 0
github.com/nas-ai/api/src/handlers/system/metrics.go:196.67,197.29 1 0
github.com/nas-ai/api/src/handlers/system/metrics.go:197.29,200.32 2 0
github.com/nas-ai/api/src/handlers/system/metrics.go:200.32,202.6 1 0
github.com/nas-ai/api/src/handlers/system/metrics.go:206.2,206.12 1 0
github.com/nas-ai/api/src/handlers/system/metrics.go:210.38,212.19 2 0
github.com/nas-ai/api/src/handlers/system/metrics.go:212.19,214.3 1 0
github.com/nas-ai/api/src/handlers/system/metrics.go:216.2,218.68 3 0
github.com/nas-ai/api/src/handlers/system/monitoring.go:20.133,21.30 1 0
github.com/nas-ai/api/src/handlers/system/monitoring.go:21.30,24.59 2 0
github.com/nas-ai/api/src/handlers/system/monitoring.go:24.59,28.4 3 0
github.com/nas-ai/api/src/handlers/system/monitoring.go:30.3,31.48 2 0
github.com/nas-ai/api/src/handlers/system/monitoring.go:31.48,38.4 3 0
github.com/nas-ai/api/src/handlers/system/monitoring.go:40.3,46.72 2 0
github.com/nas-ai/api/src/handlers/system/monitoring.go:46.72,53.4 3 0
github.com/nas-ai/api/src/handlers/system/monitoring.go:55.3,55.47 1 0
github.com/nas-ai/api/src/handlers/system/monitoring.go:59.107,60.30 1 0
github.com/nas-ai/api/src/handlers/system/monitoring.go:60.30,64.17 3 0
github.com/nas-ai/api/src/handlers/system/monitoring.go:64.17,71.4 3 0
github.com/nas-ai/api/src/handlers/system/monitoring.go:73.3,75.5 1 0
github.com/nas-ai/api/src/scheduler/cron.go:26.88,27.20 1 0
github.com/nas-ai/api/src/scheduler/cron.go:27.20,29.3 1 0
github.com/nas-ai/api/src/scheduler/cron.go:30.2,30.16 1 0
github.com/nas-ai/api/src/scheduler/cron.go:30.16,32.3 1 0
github.com/nas-ai/api/src/scheduler/cron.go:34.2,41.22 6 0
github.com/nas-ai/api/src/scheduler/cron.go:45.31,49.39 3 0
github.com/nas-ai/api/src/scheduler/cron.go:49.39,51.3 1 0
github.com/nas-ai/api/src/scheduler/cron.go:53.2,53.22 1 0
github.com/nas-ai/api/src/scheduler/cron.go:56.26,58.20 2 0
github.com/nas-ai/api/src/scheduler/cron.go:58.20,60.3 1 0
github.com/nas-ai/api/src/scheduler/cron.go:62.2,62.54 1 0
github.com/nas-ai/api/src/scheduler/cron.go:62.54,64.3 1 0
github.com/nas-ai/api/src/scheduler/cron.go:66.2,66.23 1 0
github.com/nas-ai/api/src/scheduler/cron.go:66.23,69.3 2 0
github.com/nas-ai/api/src/scheduler/cron.go:71.2,78.16 5 0
github.com/nas-ai/api/src/scheduler/cron.go:78.16,80.3 1 0
github.com/nas-ai/api/src/scheduler/cron.go:82.2,82.61 1 0
github.com/nas-ai/api/src/scheduler/cron.go:82.61,84.3 1 0
github.com/nas-ai/api/src/scheduler/cron.go:86.2,88.19 2 0
github.com/nas-ai/api/src/scheduler/cron.go:88.19,90.3 1 0
github.com/nas-ai/api/src/scheduler/cron.go:92.2,92.12 1 0
github.com/nas-ai/api/src/scheduler/cron.go:95.90,96.30 1 0
github.com/nas-ai/api/src/scheduler/cron.go:96.30,98.3 1 0
github.com/nas-ai/api/src/scheduler/cron.go:100.2,100.16 1 0
github.com/nas-ai/api/src/scheduler/cron.go:100.16,106.3 1 0
github.com/nas-ai/api/src/scheduler/cron.go:108.2,108.65 1 0
github.com/nas-ai/api/src/scheduler/cron.go:108.65,109.17 1 0
github.com/nas-ai/api/src/scheduler/cron.go:109.17,111.4 1 0
github.com/nas-ai/api/src/scheduler/cron.go:112.3,112.9 1 0
github.com/nas-ai/api/src/scheduler/cron.go:116.2,116.46 1 0
github.com/nas-ai/api/src/scheduler/cron.go:116.46,117.17 1 0
github.com/nas-ai/api/src/scheduler/cron.go:117.17,119.4 1 0
github.com/nas-ai/api/src/scheduler/cron.go:120.3,120.9 1 0
github.com/nas-ai/api/src/scheduler/cron.go:123.2,123.67 1 0
github.com/nas-ai/api/src/scheduler/cron.go:123.67,124.17 1 0
github.com/nas-ai/api/src/scheduler/cron.go:124.17,126.4 1 0
github.com/nas-ai/api/src/scheduler/cron.go:127.3,127.9 1 0
github.com/nas-ai/api/src/scheduler/cron.go:130.2,130.16 1 0
github.com/nas-ai/api/src/scheduler/cron.go:130.16,135.3 1 0
github.com/nas-ai/api/src/repository/auth/user_repository.go:21.80,26.2 1 1
github.com/nas-ai/api/src/repository/auth/user_repository.go:29.116,50.16 4 1
github.com/nas-ai/api/src/repository/auth/user_repository.go:50.16,53.3 2 0
github.com/nas-ai/api/src/repository/auth/user_repository.go:55.2,60.18 2 1
github.com/nas-ai/api/src/repository/auth/user_repository.go:64.93,85.26 4 1
github.com/nas-ai/api/src/repository/auth/user_repository.go:85.26,87.3 1 1
github.com/nas-ai/api/src/repository/auth/user_repository.go:89.2,89.16 1 1
github.com/nas-ai/api/src/repository/auth/user_repository.go:89.16,92.3 2 0
github.com/nas-ai/api/src/repository/auth/user_repository.go:94.2,94.18 1 1
github.com/nas-ai/api/src/repository/auth/user_repository.go:98.99,119.26 4 0
github.com/nas-ai/api/src/repository/auth/user_repository.go:119.26,121.3 1 0
github.com/nas-ai/api/src/repository/auth/user_repository.go:123.2,123.16 1 0
github.com/nas-ai/api/src/repository/auth/user_repository.go:123.16,126.3 2 0
github.com/nas-ai/api/src/repository/auth/user_repository.go:128.2,128.18 1 0
github.com/nas-ai/api/src/repository/auth/user_repository.go:132.87,153.26 4 0
github.com/nas-ai/api/src/repository/auth/user_repository.go:153.26,155.3 1 0
github.com/nas-ai/api/src/repository/auth/user_repository.go:157.2,157.16 1 0
github.com/nas-ai/api/src/repository/auth/user_repository.go:157.16,160.3 2 0
github.com/nas-ai/api/src/repository/auth/user_repository.go:162.2,162.18 1 0
github.com/nas-ai/api/src/repository/auth/user_repository.go:166.81,174.16 3 0
github.com/nas-ai/api/src/repository/auth/user_repository.go:174.16,177.3 2 0
github.com/nas-ai/api/src/repository/auth/user_repository.go:179.2,180.16 2 0
github.com/nas-ai/api/src/repository/auth/user_repository.go:180.16,182.3 1 0
github.com/nas-ai/api/src/repository/auth/user_repository.go:184.2,184.15 1 0
github.com/nas-ai/api/src/repository/auth/user_repository.go:184.15,186.3 1 0
github.com/nas-ai/api/src/repository/auth/user_repository.go:188.2,189.12 2 0
github.com/nas-ai/api/src/repository/auth/user_repository.go:193.80,201.16 3 0
github.com/nas-ai/api/src/repository/auth/user_repository.go:201.16,204.3 2 0
github.com/nas-ai/api/src/repository/auth/user_repository.go:206.2,207.16 2 0
github.com/nas-ai/api/src/repository/auth/user_repository.go:207.16,209.3 1 0
github.com/nas-ai/api/src/repository/auth/user_repository.go:211.2,211.15 1 0
github.com/nas-ai/api/src/repository/auth/user_repository.go:211.15,213.3 1 0
github.com/nas-ai/api/src/repository/auth/user_repository.go:215.2,216.12 2 0
github.com/nas-ai/api/src/repository/auth/user_repository.go:220.100,228.16 3 0
github.com/nas-ai/api/src/repository/auth/user_repository.go:228.16,231.3 2 0
github.com/nas-ai/api/src/repository/auth/user_repository.go:233.2,234.16 2 0
github.com/nas-ai/api/src/repository/auth/user_repository.go:234.16,236.3 1 0
github.com/nas-ai/api/src/repository/auth/user_repository.go:238.2,238.15 1 0
github.com/nas-ai/api/src/repository/auth/user_repository.go:238.15,240.3 1 0
github.com/nas-ai/api/src/repository/auth/user_repository.go:242.2,243.12 2 0
github.com/nas-ai/api/src/repository/auth/user_repository.go:247.80,255.16 3 0
github.com/nas-ai/api/src/repository/auth/user_repository.go:255.16,258.3 2 0
github.com/nas-ai/api/src/repository/auth/user_repository.go:259.2,262.18 3 0
github.com/nas-ai/api/src/repository/auth/user_repository.go:262.18,274.17 2 0
github.com/nas-ai/api/src/repository/auth/user_repository.go:274.17,276.12 2 0
github.com/nas-ai/api/src/repository/auth/user_repository.go:279.3,280.30 2 0
github.com/nas-ai/api/src/repository/auth/user_repository.go:283.2,283.19 1 0
github.com/nas-ai/api/src/repository/auth/user_repository.go:287.85,295.16 3 0
github.com/nas-ai/api/src/repository/auth/user_repository.go:295.16,298.3 2 0
github.com/nas-ai/api/src/repository/auth/user_repository.go:300.2,301.16 2 0
github.com/nas-ai/api/src/repository/auth/user_repository.go:301.16,303.3 1 0
github.com/nas-ai/api/src/repository/auth/user_repository.go:305.2,305.15 1 0
github.com/nas-ai/api/src/repository/auth/user_repository.go:305.15,307.3 1 0
github.com/nas-ai/api/src/repository/auth/user_repository.go:309.2,313.12 2 0
github.com/nas-ai/api/src/repository/auth/user_repository_sqlx.go:22.81,27.2 1 0
github.com/nas-ai/api/src/repository/auth/user_repository_sqlx.go:30.117,40.16 4 0
github.com/nas-ai/api/src/repository/auth/user_repository_sqlx.go:40.16,46.3 2 0
github.com/nas-ai/api/src/repository/auth/user_repository_sqlx.go:48.2,53.18 2 0
github.com/nas-ai/api/src/repository/auth/user_repository_sqlx.go:57.94,67.26 4 0
github.com/nas-ai/api/src/repository/auth/user_repository_sqlx.go:67.26,69.3 1 0
github.com/nas-ai/api/src/repository/auth/user_repository_sqlx.go:71.2,71.16 1 0
github.com/nas-ai/api/src/repository/auth/user_repository_sqlx.go:71.16,77.3 2 0
github.com/nas-ai/api/src/repository/auth/user_repository_sqlx.go:79.2,79.18 1 0
github.com/nas-ai/api/src/repository/auth/user_repository_sqlx.go:83.88,93.26 4 0
github.com/nas-ai/api/src/repository/auth/user_repository_sqlx.go:93.26,95.3 1 0
github.com/nas-ai/api/src/repository/auth/user_repository_sqlx.go:97.2,97.16 1 0
github.com/nas-ai/api/src/repository/auth/user_repository_sqlx.go:97.16,103.3 2 0
github.com/nas-ai/api/src/repository/auth/user_repository_sqlx.go:105.2,105.18 1 0
github.com/nas-ai/api/src/repository/auth/user_repository_sqlx.go:109.94,110.19 1 0
github.com/nas-ai/api/src/repository/auth/user_repository_sqlx.go:110.19,112.3 1 0
github.com/nas-ai/api/src/repository/auth/user_repository_sqlx.go:114.2,122.16 3 0
github.com/nas-ai/api/src/repository/auth/user_repository_sqlx.go:122.16,124.3 1 0
github.com/nas-ai/api/src/repository/auth/user_repository_sqlx.go:127.2,130.16 3 0
github.com/nas-ai/api/src/repository/auth/user_repository_sqlx.go:130.16,136.3 2 0
github.com/nas-ai/api/src/repository/auth/user_repository_sqlx.go:138.2,138.19 1 0
github.com/nas-ai/api/src/repository/auth/user_repository_sqlx.go:142.82,150.16 3 0
github.com/nas-ai/api/src/repository/auth/user_repository_sqlx.go:150.16,156.3 2 0
github.com/nas-ai/api/src/repository/auth/user_repository_sqlx.go:158.2,159.16 2 0
github.com/nas-ai/api/src/repository/auth/user_repository_sqlx.go:159.16,161.3 1 0
github.com/nas-ai/api/src/repository/auth/user_repository_sqlx.go:163.2,163.15 1 0
github.com/nas-ai/api/src/repository/auth/user_repository_sqlx.go:163.15,165.3 1 0
github.com/nas-ai/api/src/repository/auth/user_repository_sqlx.go:167.2,170.12 2 0
github.com/nas-ai/api/src/repository/auth/user_repository_sqlx.go:174.81,182.16 3 0
github.com/nas-ai/api/src/repository/auth/user_repository_sqlx.go:182.16,188.3 2 0
github.com/nas-ai/api/src/repository/auth/user_repository_sqlx.go:190.2,191.16 2 0
github.com/nas-ai/api/src/repository/auth/user_repository_sqlx.go:191.16,193.3 1 0
github.com/nas-ai/api/src/repository/auth/user_repository_sqlx.go:195.2,195.15 1 0
github.com/nas-ai/api/src/repository/auth/user_repository_sqlx.go:195.15,197.3 1 0
github.com/nas-ai/api/src/repository/auth/user_repository_sqlx.go:199.2,202.12 2 0
github.com/nas-ai/api/src/repository/auth/user_repository_sqlx.go:206.101,214.16 3 0
github.com/nas-ai/api/src/repository/auth/user_repository_sqlx.go:214.16,220.3 2 0
github.com/nas-ai/api/src/repository/auth/user_repository_sqlx.go:222.2,223.16 2 0
github.com/nas-ai/api/src/repository/auth/user_repository_sqlx.go:223.16,225.3 1 0
github.com/nas-ai/api/src/repository/auth/user_repository_sqlx.go:227.2,227.15 1 0
github.com/nas-ai/api/src/repository/auth/user_repository_sqlx.go:227.15,229.3 1 0
github.com/nas-ai/api/src/repository/auth/user_repository_sqlx.go:231.2,234.12 2 0
github.com/nas-ai/api/src/repository/auth/user_repository_sqlx.go:238.94,249.16 4 0
github.com/nas-ai/api/src/repository/auth/user_repository_sqlx.go:249.16,256.3 2 0
github.com/nas-ai/api/src/repository/auth/user_repository_sqlx.go:258.2,258.19 1 0
github.com/nas-ai/api/src/repository/auth/user_repository_sqlx.go:262.67,268.16 4 0
github.com/nas-ai/api/src/repository/auth/user_repository_sqlx.go:268.16,273.3 2 0
github.com/nas-ai/api/src/repository/auth/user_repository_sqlx.go:275.2,275.19 1 0
github.com/nas-ai/api/src/repository/auth/user_repository_sqlx.go:279.80,283.16 3 0
github.com/nas-ai/api/src/repository/auth/user_repository_sqlx.go:283.16,289.3 2 0
github.com/nas-ai/api/src/repository/auth/user_repository_sqlx.go:291.2,292.16 2 0
github.com/nas-ai/api/src/repository/auth/user_repository_sqlx.go:292.16,294.3 1 0
github.com/nas-ai/api/src/repository/auth/user_repository_sqlx.go:296.2,296.15 1 0
github.com/nas-ai/api/src/repository/auth/user_repository_sqlx.go:296.15,298.3 1 0
github.com/nas-ai/api/src/repository/auth/user_repository_sqlx.go:300.2,303.12 2 0
github.com/nas-ai/api/src/server/routes.go:21.32,27.39 3 0
github.com/nas-ai/api/src/server/routes.go:27.39,29.3 1 0
github.com/nas-ai/api/src/server/routes.go:31.2,38.23 8 0
github.com/nas-ai/api/src/server/routes.go:42.36,44.2 2 0
github.com/nas-ai/api/src/server/routes.go:44.2,71.3 9 0
github.com/nas-ai/api/src/server/routes.go:75.35,79.2 4 0
github.com/nas-ai/api/src/server/routes.go:79.2,82.3 2 0
github.com/nas-ai/api/src/server/routes.go:86.34,88.2 2 0
github.com/nas-ai/api/src/server/routes.go:88.2,135.3 29 0
github.com/nas-ai/api/src/server/routes.go:138.2,143.2 3 0
github.com/nas-ai/api/src/server/routes.go:143.2,158.3 10 0
github.com/nas-ai/api/src/server/routes.go:161.2,166.2 3 0
github.com/nas-ai/api/src/server/routes.go:166.2,170.3 3 0
github.com/nas-ai/api/src/server/routes.go:174.39,180.2 3 0
github.com/nas-ai/api/src/server/routes.go:180.2,196.3 15 0
github.com/nas-ai/api/src/server/routes.go:200.48,201.38 1 0
github.com/nas-ai/api/src/server/routes.go:201.38,203.3 1 0
github.com/nas-ai/api/src/server/routes.go:205.2,210.2 3 0
github.com/nas-ai/api/src/server/routes.go:210.2,217.3 6 0
github.com/nas-ai/api/src/server/routes.go:221.38,227.2 3 0
github.com/nas-ai/api/src/server/routes.go:227.2,239.3 4 0
github.com/nas-ai/api/src/server/routes.go:243.37,250.2 3 0
github.com/nas-ai/api/src/server/routes.go:250.2,259.3 8 0
github.com/nas-ai/api/src/server/routes.go:263.38,270.2 3 0
github.com/nas-ai/api/src/server/routes.go:270.2,272.3 1 0
github.com/nas-ai/api/src/server/server.go:86.76,92.41 2 0
github.com/nas-ai/api/src/server/server.go:92.41,94.3 1 0
github.com/nas-ai/api/src/server/server.go:96.2,96.45 1 0
github.com/nas-ai/api/src/server/server.go:96.45,98.3 1 0
github.com/nas-ai/api/src/server/server.go:100.2,100.41 1 0
github.com/nas-ai/api/src/server/server.go:100.41,102.3 1 0
github.com/nas-ai/api/src/server/server.go:104.2,109.15 5 0
github.com/nas-ai/api/src/server/server.go:113.39,117.16 3 0
github.com/nas-ai/api/src/server/server.go:117.16,119.3 1 0
github.com/nas-ai/api/src/server/server.go:121.2,122.16 2 0
github.com/nas-ai/api/src/server/server.go:122.16,124.3 1 0
github.com/nas-ai/api/src/server/server.go:127.2,127.46 1 0
github.com/nas-ai/api/src/server/server.go:127.46,129.3 1 0
github.com/nas-ai/api/src/server/server.go:131.2,132.12 2 0
github.com/nas-ai/api/src/server/server.go:136.43,140.72 3 0
github.com/nas-ai/api/src/server/server.go:140.72,142.3 1 0
github.com/nas-ai/api/src/server/server.go:143.2,152.73 8 0
github.com/nas-ai/api/src/server/server.go:152.73,154.3 1 0
github.com/nas-ai/api/src/server/server.go:156.2,158.12 2 0
github.com/nas-ai/api/src/server/server.go:162.39,167.16 3 0
github.com/nas-ai/api/src/server/server.go:167.16,169.3 1 0
github.com/nas-ai/api/src/server/server.go:170.2,176.16 5 0
github.com/nas-ai/api/src/server/server.go:176.16,178.3 1 0
github.com/nas-ai/api/src/server/server.go:181.2,181.37 1 0
github.com/nas-ai/api/src/server/server.go:181.37,183.3 1 0
github.com/nas-ai/api/src/server/server.go:184.2,189.39 4 0
github.com/nas-ai/api/src/server/server.go:189.39,190.58 1 0
github.com/nas-ai/api/src/server/server.go:190.58,193.4 2 0
github.com/nas-ai/api/src/server/server.go:195.2,200.16 4 0
github.com/nas-ai/api/src/server/server.go:200.16,202.3 1 0
github.com/nas-ai/api/src/server/server.go:203.2,213.16 4 0
github.com/nas-ai/api/src/server/server.go:213.16,215.3 1 0
github.com/nas-ai/api/src/server/server.go:215.8,217.3 1 0
github.com/nas-ai/api/src/server/server.go:220.2,220.32 1 0
github.com/nas-ai/api/src/server/server.go:220.32,228.3 2 0
github.com/nas-ai/api/src/server/server.go:230.2,232.79 3 0
github.com/nas-ai/api/src/server/server.go:232.79,234.3 1 0
github.com/nas-ai/api/src/server/server.go:235.2,270.85 17 0
github.com/nas-ai/api/src/server/server.go:270.85,272.3 1 0
github.com/nas-ai/api/src/server/server.go:274.2,274.12 1 0
github.com/nas-ai/api/src/server/server.go:278.33,281.2 2 0
github.com/nas-ai/api/src/server/server.go:284.31,285.39 1 0
github.com/nas-ai/api/src/server/server.go:285.39,287.3 1 0
github.com/nas-ai/api/src/server/server.go:289.2,303.50 4 0
github.com/nas-ai/api/src/server/server.go:303.50,305.3 1 0
github.com/nas-ai/api/src/server/server.go:308.2,308.36 1 0
github.com/nas-ai/api/src/server/server.go:308.36,311.3 2 0
github.com/nas-ai/api/src/server/server.go:315.43,317.12 1 0
github.com/nas-ai/api/src/server/server.go:317.12,320.22 3 0
github.com/nas-ai/api/src/server/server.go:320.22,322.4 1 0
github.com/nas-ai/api/src/server/server.go:326.2,326.12 1 0
github.com/nas-ai/api/src/server/server.go:326.12,327.66 1 0
github.com/nas-ai/api/src/server/server.go:327.66,329.4 1 0
github.com/nas-ai/api/src/server/server.go:333.2,333.12 1 0
github.com/nas-ai/api/src/server/server.go:333.12,334.80 1 0
github.com/nas-ai/api/src/server/server.go:334.80,336.4 1 0
github.com/nas-ai/api/src/server/server.go:340.2,340.53 1 0
github.com/nas-ai/api/src/server/server.go:344.30,357.12 3 0
github.com/nas-ai/api/src/server/server.go:357.12,359.77 2 0
github.com/nas-ai/api/src/server/server.go:359.77,361.4 1 0
github.com/nas-ai/api/src/server/server.go:365.2,375.42 8 0
github.com/nas-ai/api/src/server/server.go:375.42,378.3 2 0
github.com/nas-ai/api/src/server/server.go:380.2,381.12 2 0
github.com/nas-ai/api/src/server/server.go:385.26,386.17 1 0
github.com/nas-ai/api/src/server/server.go:386.17,388.3 1 0
github.com/nas-ai/api/src/server/server.go:389.2,389.20 1 0
github.com/nas-ai/api/src/server/server.go:389.20,391.3 1 0
github.com/nas-ai/api/src/server/server.go:395.44,399.46 3 0
github.com/nas-ai/api/src/server/server.go:399.46,401.3 1 0
github.com/nas-ai/api/src/server/server.go:403.2,403.55 1 0
github.com/nas-ai/api/src/server/server.go:403.55,405.3 1 0
github.com/nas-ai/api/src/server/server.go:407.2,407.12 1 0
github.com/nas-ai/api/src/server/server.go:411.49,415.16 3 0
github.com/nas-ai/api/src/server/server.go:415.16,418.3 2 0
github.com/nas-ai/api/src/server/server.go:420.2,420.77 1 0
github.com/nas-ai/api/src/server/server.go:420.77,422.15 2 0
github.com/nas-ai/api/src/server/server.go:422.15,423.46 1 0
github.com/nas-ai/api/src/server/server.go:423.46,425.5 1 0
github.com/nas-ai/api/src/server/server.go:425.10,427.5 1 0
github.com/nas-ai/api/src/server/server.go:431.2,431.82 1 0
github.com/nas-ai/api/src/server/server.go:431.82,432.64 1 0
github.com/nas-ai/api/src/server/server.go:432.64,434.4 1 0
github.com/nas-ai/api/src/server/server.go:434.9,434.24 1 0
github.com/nas-ai/api/src/server/server.go:434.24,436.4 1 0
github.com/nas-ai/api/src/server/server.go:439.2,439.69 1 0
github.com/nas-ai/api/src/server/server.go:439.69,441.59 2 0
github.com/nas-ai/api/src/server/server.go:441.59,443.4 1 0
github.com/nas-ai/api/src/server/server.go:443.9,445.4 1 0
github.com/nas-ai/api/src/services/common/http_client.go:10.77,18.2 1 0
github.com/nas-ai/api/src/services/common/http_client.go:25.80,26.20 1 0
github.com/nas-ai/api/src/services/common/http_client.go:26.20,28.3 1 0
github.com/nas-ai/api/src/services/common/http_client.go:29.2,29.19 1 0
github.com/nas-ai/api/src/services/common/http_client.go:29.19,31.3 1 0
github.com/nas-ai/api/src/services/common/http_client.go:32.2,32.30 1 0
github.com/nas-ai/api/src/services/common/resilient_http_client.go:46.39,53.2 1 0
github.com/nas-ai/api/src/services/common/resilient_http_client.go:68.116,87.2 2 0
github.com/nas-ai/api/src/services/common/resilient_http_client.go:90.98,91.88 1 0
github.com/nas-ai/api/src/services/common/resilient_http_client.go:91.88,93.3 1 0
github.com/nas-ai/api/src/services/common/resilient_http_client.go:98.141,102.62 3 0
github.com/nas-ai/api/src/services/common/resilient_http_client.go:102.62,104.23 1 0
github.com/nas-ai/api/src/services/common/resilient_http_client.go:104.23,106.4 1 0
github.com/nas-ai/api/src/services/common/resilient_http_client.go:108.3,108.18 1 0
github.com/nas-ai/api/src/services/common/resilient_http_client.go:108.18,116.11 2 0
github.com/nas-ai/api/src/services/common/resilient_http_client.go:117.22,118.67 1 0
github.com/nas-ai/api/src/services/common/resilient_http_client.go:119.31,119.31 0 0
github.com/nas-ai/api/src/services/common/resilient_http_client.go:123.4,124.37 2 0
github.com/nas-ai/api/src/services/common/resilient_http_client.go:124.37,126.5 1 0
github.com/nas-ai/api/src/services/common/resilient_http_client.go:129.3,130.17 2 0
github.com/nas-ai/api/src/services/common/resilient_http_client.go:130.17,133.31 2 0
github.com/nas-ai/api/src/services/common/resilient_http_client.go:133.31,135.5 1 0
github.com/nas-ai/api/src/services/common/resilient_http_client.go:137.4,142.12 2 0
github.com/nas-ai/api/src/services/common/resilient_http_client.go:146.3,146.47 1 0
github.com/nas-ai/api/src/services/common/resilient_http_client.go:146.47,155.12 4 0
github.com/nas-ai/api/src/services/common/resilient_http_client.go:158.3,158.19 1 0
github.com/nas-ai/api/src/services/common/resilient_http_client.go:161.2,161.107 1 0
github.com/nas-ai/api/src/services/common/resilient_http_client.go:165.62,166.16 1 0
github.com/nas-ai/api/src/services/common/resilient_http_client.go:166.16,168.3 1 0
github.com/nas-ai/api/src/services/common/resilient_http_client.go:171.2,171.82 1 0
github.com/nas-ai/api/src/services/common/resilient_http_client.go:171.82,173.3 1 0
github.com/nas-ai/api/src/services/common/resilient_http_client.go:176.2,177.29 2 0
github.com/nas-ai/api/src/services/common/resilient_http_client.go:177.29,178.26 1 0
github.com/nas-ai/api/src/services/common/resilient_http_client.go:178.26,180.4 1 0
github.com/nas-ai/api/src/services/common/resilient_http_client.go:184.2,185.29 2 0
github.com/nas-ai/api/src/services/common/resilient_http_client.go:185.29,187.3 1 0
github.com/nas-ai/api/src/services/common/resilient_http_client.go:189.2,189.57 1 0
github.com/nas-ai/api/src/services/common/resilient_http_client.go:193.59,195.2 1 0
github.com/nas-ai/api/src/services/common/resilient_http_client.go:198.74,199.20 1 0
github.com/nas-ai/api/src/services/common/resilient_http_client.go:202.30,203.14 1 0
github.com/nas-ai/api/src/services/common/resilient_http_client.go:204.10,205.15 1 0
github.com/nas-ai/api/src/services/common/resilient_http_client.go:214.94,215.18 1 0
github.com/nas-ai/api/src/services/common/resilient_http_client.go:215.18,217.3 1 0
github.com/nas-ai/api/src/services/common/resilient_http_client.go:218.2,219.34 2 0
github.com/nas-ai/api/src/services/common/resilient_http_client.go:219.34,221.3 1 0
github.com/nas-ai/api/src/services/common/resilient_http_client.go:222.2,222.31 1 0
github.com/nas-ai/api/src/services/config/settings_service.go:43.20,51.2 1 0
github.com/nas-ai/api/src/services/config/settings_service.go:54.65,60.2 1 0
github.com/nas-ai/api/src/services/config/settings_service.go:63.103,69.50 4 0
github.com/nas-ai/api/src/services/config/settings_service.go:69.50,71.3 1 0
github.com/nas-ai/api/src/services/config/settings_service.go:72.2,72.28 1 0
github.com/nas-ai/api/src/services/config/settings_service.go:72.28,74.3 1 0
github.com/nas-ai/api/src/services/config/settings_service.go:75.2,75.67 1 0
github.com/nas-ai/api/src/services/config/settings_service.go:75.67,77.3 1 0
github.com/nas-ai/api/src/services/config/settings_service.go:80.2,80.60 1 0
github.com/nas-ai/api/src/services/config/settings_service.go:80.60,82.3 1 0
github.com/nas-ai/api/src/services/config/settings_service.go:85.2,95.16 5 0
github.com/nas-ai/api/src/services/config/settings_service.go:95.16,97.3 1 0
github.com/nas-ai/api/src/services/config/settings_service.go:100.2,100.35 1 0
github.com/nas-ai/api/src/services/config/settings_service.go:100.35,101.50 1 0
github.com/nas-ai/api/src/services/config/settings_service.go:101.50,103.4 1 0
github.com/nas-ai/api/src/services/config/settings_service.go:106.2,107.12 2 0
github.com/nas-ai/api/src/services/config/settings_service.go:119.79,128.16 3 0
github.com/nas-ai/api/src/services/config/settings_service.go:128.16,131.3 2 0
github.com/nas-ai/api/src/services/config/settings_service.go:132.2,132.27 1 0
github.com/nas-ai/api/src/services/config/settings_service.go:132.27,135.3 2 0
github.com/nas-ai/api/src/services/config/settings_service.go:137.2,138.16 2 0
github.com/nas-ai/api/src/services/config/settings_service.go:138.16,139.25 1 0
github.com/nas-ai/api/src/services/config/settings_service.go:139.25,141.4 1 0
github.com/nas-ai/api/src/services/config/settings_service.go:141.9,144.4 2 0
github.com/nas-ai/api/src/services/config/settings_service.go:145.3,145.13 1 0
github.com/nas-ai/api/src/services/config/settings_service.go:148.2,150.19 2 0
github.com/nas-ai/api/src/services/config/settings_service.go:150.19,153.3 2 0
github.com/nas-ai/api/src/services/config/settings_service.go:156.2,157.16 2 0
github.com/nas-ai/api/src/services/config/settings_service.go:157.16,161.3 3 0
github.com/nas-ai/api/src/services/config/settings_service.go:162.2,169.12 6 0
github.com/nas-ai/api/src/handlers/settings/admin.go:97.89,98.30 1 0
github.com/nas-ai/api/src/handlers/settings/admin.go:98.30,112.3 2 0
github.com/nas-ai/api/src/handlers/settings/admin.go:116.146,117.30 1 0
github.com/nas-ai/api/src/handlers/settings/admin.go:117.30,119.48 2 0
github.com/nas-ai/api/src/handlers/settings/admin.go:119.48,122.4 2 0
github.com/nas-ai/api/src/handlers/settings/admin.go:124.3,127.62 2 0
github.com/nas-ai/api/src/handlers/settings/admin.go:127.62,133.4 2 0
github.com/nas-ai/api/src/handlers/settings/admin.go:135.3,135.33 1 0
github.com/nas-ai/api/src/handlers/settings/admin.go:135.33,141.4 2 0
github.com/nas-ai/api/src/handlers/settings/admin.go:143.3,143.68 1 0
github.com/nas-ai/api/src/handlers/settings/admin.go:143.68,146.4 1 0
github.com/nas-ai/api/src/handlers/settings/admin.go:148.3,151.5 1 0
github.com/nas-ai/api/src/handlers/settings/admin.go:159.82,160.30 1 0
github.com/nas-ai/api/src/handlers/settings/admin.go:160.30,185.3 5 0
github.com/nas-ai/api/src/handlers/settings/admin.go:192.97,193.30 1 0
github.com/nas-ai/api/src/handlers/settings/admin.go:193.30,197.17 3 0
github.com/nas-ai/api/src/handlers/settings/admin.go:197.17,201.4 3 0
github.com/nas-ai/api/src/handlers/settings/admin.go:203.3,206.5 1 0
github.com/nas-ai/api/src/handlers/settings/admin.go:210.103,211.30 1 0
github.com/nas-ai/api/src/handlers/settings/admin.go:211.30,217.48 3 0
github.com/nas-ai/api/src/handlers/settings/admin.go:217.48,220.4 2 0
github.com/nas-ai/api/src/handlers/settings/admin.go:223.3,223.48 1 0
github.com/nas-ai/api/src/handlers/settings/admin.go:223.48,226.4 2 0
github.com/nas-ai/api/src/handlers/settings/admin.go:228.3,229.68 2 0
github.com/nas-ai/api/src/handlers/settings/admin.go:229.68,233.4 3 0
github.com/nas-ai/api/src/handlers/settings/admin.go:235.3,241.71 2 0
github.com/nas-ai/api/src/handlers/settings/admin.go:249.78,250.30 1 0
github.com/nas-ai/api/src/handlers/settings/admin.go:250.30,255.37 3 0
github.com/nas-ai/api/src/handlers/settings/admin.go:255.37,256.77 1 0
github.com/nas-ai/api/src/handlers/settings/admin.go:256.77,258.5 1 0
github.com/nas-ai/api/src/handlers/settings/admin.go:260.3,260.38 1 0
github.com/nas-ai/api/src/handlers/settings/admin.go:260.38,261.61 1 0
github.com/nas-ai/api/src/handlers/settings/admin.go:261.61,263.5 1 0
github.com/nas-ai/api/src/handlers/settings/admin.go:267.3,273.17 2 0
github.com/nas-ai/api/src/handlers/settings/admin.go:273.17,275.28 1 0
github.com/nas-ai/api/src/handlers/settings/admin.go:275.28,278.5 2 0
github.com/nas-ai/api/src/handlers/settings/admin.go:279.4,281.10 3 0
github.com/nas-ai/api/src/handlers/settings/admin.go:283.3,286.19 3 0
github.com/nas-ai/api/src/handlers/settings/admin.go:286.19,288.146 2 0
github.com/nas-ai/api/src/handlers/settings/admin.go:288.146,290.13 2 0
github.com/nas-ai/api/src/handlers/settings/admin.go:292.4,292.30 1 0
github.com/nas-ai/api/src/handlers/settings/admin.go:295.3,299.5 1 0
github.com/nas-ai/api/src/handlers/settings/admin.go:307.74,308.30 1 0
github.com/nas-ai/api/src/handlers/settings/admin.go:308.30,313.48 2 0
github.com/nas-ai/api/src/handlers/settings/admin.go:313.48,316.4 2 0
github.com/nas-ai/api/src/handlers/settings/admin.go:318.3,330.5 3 0
github.com/nas-ai/api/src/handlers/settings/admin.go:338.43,340.42 2 0
github.com/nas-ai/api/src/handlers/settings/admin.go:340.42,342.20 2 0
github.com/nas-ai/api/src/handlers/settings/admin.go:342.20,344.4 1 0
github.com/nas-ai/api/src/handlers/settings/admin.go:346.2,346.14 1 0
github.com/nas-ai/api/src/handlers/settings/admin.go:349.38,353.2 3 0
github.com/nas-ai/api/src/handlers/settings/ai.go:16.107,18.19 2 0
github.com/nas-ai/api/src/handlers/settings/ai.go:18.19,20.3 1 0
github.com/nas-ai/api/src/handlers/settings/ai.go:21.2,23.30 2 0
github.com/nas-ai/api/src/handlers/settings/ai.go:23.30,28.17 3 0
github.com/nas-ai/api/src/handlers/settings/ai.go:28.17,32.4 3 0
github.com/nas-ai/api/src/handlers/settings/ai.go:34.3,35.17 2 0
github.com/nas-ai/api/src/handlers/settings/ai.go:35.17,42.4 3 0
github.com/nas-ai/api/src/handlers/settings/ai.go:43.3,46.17 3 0
github.com/nas-ai/api/src/handlers/settings/ai.go:46.17,50.4 3 0
github.com/nas-ai/api/src/handlers/settings/ai.go:52.3,52.52 1 0
github.com/nas-ai/api/src/handlers/settings/ai.go:58.108,60.19 2 0
github.com/nas-ai/api/src/handlers/settings/ai.go:60.19,62.3 1 0
github.com/nas-ai/api/src/handlers/settings/ai.go:63.2,65.30 2 0
github.com/nas-ai/api/src/handlers/settings/ai.go:65.30,70.17 3 0
github.com/nas-ai/api/src/handlers/settings/ai.go:70.17,74.4 3 0
github.com/nas-ai/api/src/handlers/settings/ai.go:76.3,77.17 2 0
github.com/nas-ai/api/src/handlers/settings/ai.go:77.17,84.4 3 0
github.com/nas-ai/api/src/handlers/settings/ai.go:85.3,88.17 3 0
github.com/nas-ai/api/src/handlers/settings/ai.go:88.17,92.4 3 0
github.com/nas-ai/api/src/handlers/settings/ai.go:94.3,95.52 2 0
github.com/nas-ai/api/src/handlers/settings/ai.go:114.66,115.30 1 0
github.com/nas-ai/api/src/handlers/settings/ai.go:115.30,118.17 2 0
github.com/nas-ai/api/src/handlers/settings/ai.go:118.17,120.4 1 0
github.com/nas-ai/api/src/handlers/settings/ai.go:123.3,136.20 2 0
github.com/nas-ai/api/src/handlers/settings/ai.go:136.20,137.33 1 0
github.com/nas-ai/api/src/handlers/settings/ai.go:137.33,139.5 1 0
github.com/nas-ai/api/src/handlers/settings/ai.go:140.4,140.39 1 0
github.com/nas-ai/api/src/handlers/settings/ai.go:140.39,142.5 1 0
github.com/nas-ai/api/src/handlers/settings/ai.go:143.4,143.43 1 0
github.com/nas-ai/api/src/handlers/settings/ai.go:143.43,145.5 1 0
github.com/nas-ai/api/src/handlers/settings/ai.go:146.4,146.50 1 0
github.com/nas-ai/api/src/handlers/settings/ai.go:149.3,149.34 1 0
github.com/nas-ai/api/src/handlers/settings/ai.go:155.67,156.30 1 0
github.com/nas-ai/api/src/handlers/settings/ai.go:156.30,160.75 3 0
github.com/nas-ai/api/src/handlers/settings/ai.go:160.75,163.4 2 0
github.com/nas-ai/api/src/handlers/settings/ai.go:166.3,167.17 2 0
github.com/nas-ai/api/src/handlers/settings/ai.go:167.17,171.4 3 0
github.com/nas-ai/api/src/handlers/settings/ai.go:174.3,174.20 1 0
github.com/nas-ai/api/src/handlers/settings/ai.go:174.20,180.4 1 0
github.com/nas-ai/api/src/handlers/settings/ai.go:183.3,186.35 4 0
github.com/nas-ai/api/src/handlers/settings/ai.go:186.35,188.4 1 0
github.com/nas-ai/api/src/handlers/settings/ai.go:191.3,191.49 1 0
github.com/nas-ai/api/src/handlers/settings/ai.go:191.49,195.4 3 0
github.com/nas-ai/api/src/handlers/settings/ai.go:197.3,206.5 2 0
github.com/nas-ai/api/src/handlers/settings/backup.go:20.70,21.30 1 0
github.com/nas-ai/api/src/handlers/settings/backup.go:21.30,23.17 2 0
github.com/nas-ai/api/src/handlers/settings/backup.go:23.17,25.4 1 0
github.com/nas-ai/api/src/handlers/settings/backup.go:28.3,35.20 2 0
github.com/nas-ai/api/src/handlers/settings/backup.go:35.20,36.44 1 0
github.com/nas-ai/api/src/handlers/settings/backup.go:36.44,38.5 1 0
github.com/nas-ai/api/src/handlers/settings/backup.go:39.4,39.47 1 0
github.com/nas-ai/api/src/handlers/settings/backup.go:39.47,41.5 1 0
github.com/nas-ai/api/src/handlers/settings/backup.go:42.4,42.43 1 0
github.com/nas-ai/api/src/handlers/settings/backup.go:42.43,44.5 1 0
github.com/nas-ai/api/src/handlers/settings/backup.go:47.3,47.34 1 0
github.com/nas-ai/api/src/handlers/settings/backup.go:52.71,53.30 1 0
github.com/nas-ai/api/src/handlers/settings/backup.go:53.30,57.70 3 0
github.com/nas-ai/api/src/handlers/settings/backup.go:57.70,60.4 2 0
github.com/nas-ai/api/src/handlers/settings/backup.go:63.3,63.47 1 0
github.com/nas-ai/api/src/handlers/settings/backup.go:63.47,66.4 2 0
github.com/nas-ai/api/src/handlers/settings/backup.go:69.3,70.17 2 0
github.com/nas-ai/api/src/handlers/settings/backup.go:70.17,74.4 3 0
github.com/nas-ai/api/src/handlers/settings/backup.go:76.3,76.20 1 0
github.com/nas-ai/api/src/handlers/settings/backup.go:76.20,82.4 1 0
github.com/nas-ai/api/src/handlers/settings/backup.go:85.3,92.49 2 0
github.com/nas-ai/api/src/handlers/settings/backup.go:92.49,96.4 3 0
github.com/nas-ai/api/src/handlers/settings/backup.go:98.3,108.5 2 0
github.com/nas-ai/api/src/handlers/settings/general.go:32.81,33.30 1 0
github.com/nas-ai/api/src/handlers/settings/general.go:33.30,43.3 2 0
github.com/nas-ai/api/src/handlers/settings/general.go:48.79,49.30 1 1
github.com/nas-ai/api/src/handlers/settings/general.go:49.30,51.48 2 1
github.com/nas-ai/api/src/handlers/settings/general.go:51.48,54.4 2 0
github.com/nas-ai/api/src/handlers/settings/general.go:56.3,57.32 2 1
github.com/nas-ai/api/src/handlers/settings/general.go:63.87,64.30 1 0
github.com/nas-ai/api/src/handlers/settings/general.go:64.30,66.48 2 0
github.com/nas-ai/api/src/handlers/settings/general.go:66.48,69.4 2 0
github.com/nas-ai/api/src/handlers/settings/general.go:71.3,77.84 2 0
[...]
github.com/nas-ai/api/src/services/security/encryption_service.go:542.3,547.17 3 1
github.com/nas-ai/api/src/services/security/encryption_service.go:547.17,550.4 1 1
github.com/nas-ai/api/src/services/security/encryption_service.go:552.3,552.55 1 1
github.com/nas-ai/api/src/services/security/encryption_service.go:552.55,554.4 1 0
github.com/nas-ai/api/src/services/security/encryption_service.go:556.3,558.29 2 1
github.com/nas-ai/api/src/services/security/encryption_service.go:558.29,559.9 1 1
github.com/nas-ai/api/src/services/security/encryption_service.go:563.2,563.12 1 1
github.com/nas-ai/api/src/services/security/encryption_service.go:569.41,572.26 3 1
github.com/nas-ai/api/src/services/security/encryption_service.go:572.26,574.3 1 1
github.com/nas-ai/api/src/services/security/encryption_service.go:575.2,575.36 1 1
github.com/nas-ai/api/src/services/security/encryption_service.go:602.126,604.55 1 1
github.com/nas-ai/api/src/services/security/encryption_service.go:604.55,606.3 1 0
github.com/nas-ai/api/src/services/security/encryption_service.go:608.2,609.54 2 1
github.com/nas-ai/api/src/services/security/encryption_service.go:609.54,611.3 1 0
github.com/nas-ai/api/src/services/security/encryption_service.go:614.2,614.39 1 1
github.com/nas-ai/api/src/services/security/encryption_service.go:614.39,616.3 1 0
github.com/nas-ai/api/src/services/security/encryption_service.go:619.2,620.24 2 1
github.com/nas-ai/api/src/services/security/encryption_service.go:620.24,622.3 1 0
github.com/nas-ai/api/src/services/security/encryption_service.go:625.2,634.16 6 1
github.com/nas-ai/api/src/services/security/encryption_service.go:634.16,636.3 1 0
github.com/nas-ai/api/src/services/security/encryption_service.go:639.2,647.69 4 1
github.com/nas-ai/api/src/services/security/encryption_service.go:647.69,649.3 1 0
github.com/nas-ai/api/src/services/security/encryption_service.go:652.2,666.6 11 1
github.com/nas-ai/api/src/services/security/encryption_service.go:666.6,668.47 1 1
github.com/nas-ai/api/src/services/security/encryption_service.go:668.47,669.9 1 1
github.com/nas-ai/api/src/services/security/encryption_service.go:673.3,674.20 2 1
github.com/nas-ai/api/src/services/security/encryption_service.go:674.20,675.9 1 0
github.com/nas-ai/api/src/services/security/encryption_service.go:677.3,677.47 1 1
github.com/nas-ai/api/src/services/security/encryption_service.go:677.47,679.4 1 0
github.com/nas-ai/api/src/services/security/encryption_service.go:681.3,681.18 1 1
github.com/nas-ai/api/src/services/security/encryption_service.go:681.18,683.4 1 0
github.com/nas-ai/api/src/services/security/encryption_service.go:686.3,690.17 3 1
github.com/nas-ai/api/src/services/security/encryption_service.go:690.17,693.4 1 0
github.com/nas-ai/api/src/services/security/encryption_service.go:696.3,697.38 2 1
github.com/nas-ai/api/src/services/security/encryption_service.go:697.38,698.49 1 1
github.com/nas-ai/api/src/services/security/encryption_service.go:698.49,702.13 3 0
github.com/nas-ai/api/src/services/security/encryption_service.go:704.4,705.22 2 1
github.com/nas-ai/api/src/services/security/encryption_service.go:709.3,709.19 1 1
github.com/nas-ai/api/src/services/security/encryption_service.go:709.19,711.41 2 1
github.com/nas-ai/api/src/services/security/encryption_service.go:711.41,713.5 1 1
github.com/nas-ai/api/src/services/security/encryption_service.go:716.3,717.17 2 1
github.com/nas-ai/api/src/services/security/encryption_service.go:717.17,719.4 1 0
github.com/nas-ai/api/src/services/security/encryption_service.go:720.3,724.29 3 1
github.com/nas-ai/api/src/services/security/encryption_service.go:724.29,725.9 1 1
github.com/nas-ai/api/src/services/security/encryption_service.go:729.2,729.26 1 1
github.com/nas-ai/api/src/services/security/encryption_service.go:734.56,735.33 1 1
github.com/nas-ai/api/src/services/security/encryption_service.go:735.33,737.3 1 1
github.com/nas-ai/api/src/services/security/encryption_service.go:740.2,750.25 5 1
github.com/nas-ai/api/src/services/security/encryption_service.go:750.25,752.3 1 0
github.com/nas-ai/api/src/services/security/encryption_service.go:754.2,754.22 1 1
github.com/nas-ai/api/src/services/security/encryption_service.go:767.76,772.16 3 0
github.com/nas-ai/api/src/services/security/encryption_service.go:772.16,774.3 1 0
github.com/nas-ai/api/src/services/security/encryption_service.go:775.2,778.55 2 0
github.com/nas-ai/api/src/services/security/encryption_service.go:778.55,780.3 1 0
github.com/nas-ai/api/src/services/security/encryption_service.go:782.2,783.54 2 0
github.com/nas-ai/api/src/services/security/encryption_service.go:783.54,785.3 1 0
github.com/nas-ai/api/src/services/security/encryption_service.go:788.2,788.39 1 0
github.com/nas-ai/api/src/services/security/encryption_service.go:788.39,790.3 1 0
github.com/nas-ai/api/src/services/security/encryption_service.go:792.2,800.18 8 0
github.com/nas-ai/api/src/services/security/encryption_service.go:805.49,807.16 2 1
github.com/nas-ai/api/src/services/security/encryption_service.go:807.16,809.3 1 1
github.com/nas-ai/api/src/services/security/encryption_service.go:810.2,811.28 2 1
github.com/nas-ai/api/src/services/security/encryption_service.go:819.75,823.19 3 1
github.com/nas-ai/api/src/services/security/encryption_service.go:823.19,825.3 1 1
github.com/nas-ai/api/src/services/security/encryption_service.go:827.2,827.43 1 1
github.com/nas-ai/api/src/services/security/encryption_service.go:831.76,835.19 3 1
github.com/nas-ai/api/src/services/security/encryption_service.go:835.19,837.3 1 0
github.com/nas-ai/api/src/services/security/encryption_service.go:839.2,839.44 1 1
github.com/nas-ai/api/src/services/security/encryption_service.go:843.83,845.16 2 1
github.com/nas-ai/api/src/services/security/encryption_service.go:845.16,847.3 1 0
github.com/nas-ai/api/src/services/security/encryption_service.go:850.2,851.59 2 1
github.com/nas-ai/api/src/services/security/encryption_service.go:851.59,853.3 1 0
github.com/nas-ai/api/src/services/security/encryption_service.go:856.2,857.24 2 1
github.com/nas-ai/api/src/services/security/encryption_service.go:861.84,862.33 1 1
github.com/nas-ai/api/src/services/security/encryption_service.go:862.33,864.3 1 0
github.com/nas-ai/api/src/services/security/encryption_service.go:866.2,867.16 2 1
github.com/nas-ai/api/src/services/security/encryption_service.go:867.16,869.3 1 0
github.com/nas-ai/api/src/services/security/encryption_service.go:871.2,875.16 4 1
github.com/nas-ai/api/src/services/security/encryption_service.go:875.16,877.3 1 1
github.com/nas-ai/api/src/services/security/encryption_service.go:879.2,879.23 1 1
github.com/nas-ai/api/src/services/security/encryption_service.go:906.53,908.58 2 1
github.com/nas-ai/api/src/services/security/encryption_service.go:908.58,909.46 1 0
github.com/nas-ai/api/src/services/security/encryption_service.go:912.2,917.3 2 1
github.com/nas-ai/api/src/services/security/encryption_service.go:922.74,929.2 2 0
github.com/nas-ai/api/src/services/security/encryption_service.go:933.80,937.19 3 1
github.com/nas-ai/api/src/services/security/encryption_service.go:937.19,939.3 1 0
github.com/nas-ai/api/src/services/security/encryption_service.go:942.2,943.63 2 1
github.com/nas-ai/api/src/services/security/encryption_service.go:943.63,945.3 1 0
github.com/nas-ai/api/src/services/security/encryption_service.go:948.2,949.16 2 1
github.com/nas-ai/api/src/services/security/encryption_service.go:949.16,951.3 1 0
github.com/nas-ai/api/src/services/security/encryption_service.go:954.2,960.48 6 1
github.com/nas-ai/api/src/services/security/encryption_service.go:960.48,962.3 1 0
github.com/nas-ai/api/src/services/security/encryption_service.go:965.2,976.6 9 1
github.com/nas-ai/api/src/services/security/encryption_service.go:976.6,978.64 2 1
github.com/nas-ai/api/src/services/security/encryption_service.go:978.64,980.4 1 0
github.com/nas-ai/api/src/services/security/encryption_service.go:982.3,982.13 1 1
github.com/nas-ai/api/src/services/security/encryption_service.go:982.13,983.9 1 1
github.com/nas-ai/api/src/services/security/encryption_service.go:986.3,989.56 3 1
github.com/nas-ai/api/src/services/security/encryption_service.go:989.56,991.4 1 0
github.com/nas-ai/api/src/services/security/encryption_service.go:993.3,995.20 2 1
github.com/nas-ai/api/src/services/security/encryption_service.go:995.20,996.9 1 1
github.com/nas-ai/api/src/services/security/encryption_service.go:1000.2,1000.12 1 1
github.com/nas-ai/api/src/services/security/encryption_service.go:1006.80,1010.19 3 1
github.com/nas-ai/api/src/services/security/encryption_service.go:1010.19,1012.3 1 0
github.com/nas-ai/api/src/services/security/encryption_service.go:1015.2,1016.54 2 1
github.com/nas-ai/api/src/services/security/encryption_service.go:1016.54,1018.3 1 0
github.com/nas-ai/api/src/services/security/encryption_service.go:1020.2,1020.39 1 1
github.com/nas-ai/api/src/services/security/encryption_service.go:1020.39,1022.3 1 0
github.com/nas-ai/api/src/services/security/encryption_service.go:1024.2,1025.24 2 1
github.com/nas-ai/api/src/services/security/encryption_service.go:1025.24,1027.3 1 0
github.com/nas-ai/api/src/services/security/encryption_service.go:1029.2,1032.16 3 1
github.com/nas-ai/api/src/services/security/encryption_service.go:1032.16,1034.3 1 0
github.com/nas-ai/api/src/services/security/encryption_service.go:1036.2,1047.6 9 1
github.com/nas-ai/api/src/services/security/encryption_service.go:1047.6,1049.20 2 1
github.com/nas-ai/api/src/services/security/encryption_service.go:1049.20,1050.9 1 1
github.com/nas-ai/api/src/services/security/encryption_service.go:1052.3,1052.47 1 1
github.com/nas-ai/api/src/services/security/encryption_service.go:1052.47,1054.4 1 0
github.com/nas-ai/api/src/services/security/encryption_service.go:1056.3,1056.18 1 1
github.com/nas-ai/api/src/services/security/encryption_service.go:1056.18,1058.4 1 0
github.com/nas-ai/api/src/services/security/encryption_service.go:1060.3,1062.17 3 1
github.com/nas-ai/api/src/services/security/encryption_service.go:1062.17,1065.4 1 0
github.com/nas-ai/api/src/services/security/encryption_service.go:1067.3,1067.55 1 1
github.com/nas-ai/api/src/services/security/encryption_service.go:1067.55,1069.4 1 0
github.com/nas-ai/api/src/services/security/encryption_service.go:1071.3,1073.29 2 1
github.com/nas-ai/api/src/services/security/encryption_service.go:1073.29,1074.9 1 1
github.com/nas-ai/api/src/services/security/encryption_service.go:1078.2,1078.12 1 1
github.com/nas-ai/api/src/services/security/encryption_service.go:1083.42,1089.2 5 0
github.com/nas-ai/api/src/services/security/encryption_service.go:1093.33,1097.19 3 1
github.com/nas-ai/api/src/services/security/encryption_service.go:1097.19,1100.3 2 1
github.com/nas-ai/api/src/services/security/encryption_service.go:1101.2,1101.20 1 1
github.com/nas-ai/api/src/services/security/encryption_service.go:1101.20,1104.3 2 1
github.com/nas-ai/api/src/services/security/encryption_service.go:1120.67,1128.25 5 1
github.com/nas-ai/api/src/services/security/encryption_service.go:1128.25,1130.3 1 1
github.com/nas-ai/api/src/services/security/encryption_service.go:1132.2,1132.14 1 1
github.com/nas-ai/api/src/services/security/encryption_service.go:1138.82,1152.2 10 1
github.com/nas-ai/api/src/services/security/encryption_service.go:1155.30,1156.22 1 1
github.com/nas-ai/api/src/services/security/encryption_service.go:1156.22,1158.3 1 1
github.com/nas-ai/api/src/services/security/encryption_service.go:1160.2,1160.25 1 1
github.com/nas-ai/api/src/services/security/encryption_service.go:1164.55,1168.2 3 1
github.com/nas-ai/api/src/services/security/encryption_service.go:1171.64,1183.2 3 1
github.com/nas-ai/api/src/services/security/encryption_service.go:1193.78,1197.29 3 1
github.com/nas-ai/api/src/services/security/encryption_service.go:1197.29,1199.3 1 1
github.com/nas-ai/api/src/services/security/encryption_service.go:1201.2,1206.16 4 0
github.com/nas-ai/api/src/services/security/encryption_service.go:1206.16,1208.3 1 0
github.com/nas-ai/api/src/services/security/encryption_service.go:1209.2,1214.16 4 0
github.com/nas-ai/api/src/services/security/encryption_service.go:1214.16,1216.3 1 0
github.com/nas-ai/api/src/services/security/encryption_service.go:1217.2,1219.19 2 0
github.com/nas-ai/api/src/services/security/encryption_service.go:1237.114,1244.16 4 1
github.com/nas-ai/api/src/services/security/encryption_service.go:1244.16,1246.3 1 0
github.com/nas-ai/api/src/services/security/encryption_service.go:1249.2,1254.33 4 1
github.com/nas-ai/api/src/services/security/encryption_service.go:1254.33,1256.3 1 0
github.com/nas-ai/api/src/services/security/encryption_service.go:1258.2,1258.17 1 1
github.com/nas-ai/api/src/services/security/encryption_service.go:1258.17,1260.3 1 0
github.com/nas-ai/api/src/services/security/encryption_service.go:1263.2,1267.16 3 1
github.com/nas-ai/api/src/services/security/encryption_service.go:1267.16,1270.3 1 0
github.com/nas-ai/api/src/services/security/encryption_service.go:1272.2,1272.23 1 1
github.com/nas-ai/api/src/services/security/encryption_service.go:1277.70,1279.54 2 1
github.com/nas-ai/api/src/services/security/encryption_service.go:1279.54,1281.3 1 0
github.com/nas-ai/api/src/services/security/encryption_service.go:1284.2,1284.39 1 1
github.com/nas-ai/api/src/services/security/encryption_service.go:1284.39,1286.3 1 0
github.com/nas-ai/api/src/services/security/encryption_service.go:1289.2,1290.24 2 1
github.com/nas-ai/api/src/services/security/encryption_service.go:1290.24,1292.3 1 0
github.com/nas-ai/api/src/services/security/encryption_service.go:1295.2,1301.29 5 1
github.com/nas-ai/api/src/services/security/encryption_service.go:1306.53,1307.33 1 1
github.com/nas-ai/api/src/services/security/encryption_service.go:1307.33,1309.3 1 1
github.com/nas-ai/api/src/services/security/encryption_service.go:1310.2,1311.65 2 1
github.com/nas-ai/api/src/services/security/jwt_service.go:37.84,38.16 1 1
github.com/nas-ai/api/src/services/security/jwt_service.go:38.16,40.3 1 0
github.com/nas-ai/api/src/services/security/jwt_service.go:42.2,42.64 1 1
github.com/nas-ai/api/src/services/security/jwt_service.go:42.64,44.3 1 1
github.com/nas-ai/api/src/services/security/jwt_service.go:46.2,51.8 2 1
github.com/nas-ai/api/src/services/security/jwt_service.go:55.80,75.16 6 1
github.com/nas-ai/api/src/services/security/jwt_service.go:75.16,78.3 2 0
github.com/nas-ai/api/src/services/security/jwt_service.go:80.2,87.25 2 1
github.com/nas-ai/api/src/services/security/jwt_service.go:91.81,111.16 6 1
github.com/nas-ai/api/src/services/security/jwt_service.go:111.16,114.3 2 0
github.com/nas-ai/api/src/services/security/jwt_service.go:116.2,123.25 2 1
github.com/nas-ai/api/src/services/security/jwt_service.go:127.78,128.109 1 1
github.com/nas-ai/api/src/services/security/jwt_service.go:128.109,130.58 1 1
github.com/nas-ai/api/src/services/security/jwt_service.go:130.58,132.4 1 0
github.com/nas-ai/api/src/services/security/jwt_service.go:133.3,133.23 1 1
github.com/nas-ai/api/src/services/security/jwt_service.go:136.2,136.16 1 1
github.com/nas-ai/api/src/services/security/jwt_service.go:136.16,139.3 2 1
github.com/nas-ai/api/src/services/security/jwt_service.go:141.2,142.25 2 1
github.com/nas-ai/api/src/services/security/jwt_service.go:142.25,144.3 1 0
github.com/nas-ai/api/src/services/security/jwt_service.go:146.2,151.20 2 1
github.com/nas-ai/api/src/services/security/jwt_service.go:155.78,157.16 2 1
github.com/nas-ai/api/src/services/security/jwt_service.go:157.16,159.3 1 1
github.com/nas-ai/api/src/services/security/jwt_service.go:161.2,162.9 2 1
github.com/nas-ai/api/src/services/security/jwt_service.go:162.9,164.3 1 0
github.com/nas-ai/api/src/services/security/jwt_service.go:166.2,166.20 1 1
github.com/nas-ai/api/src/services/security/password_service.go:17.44,21.2 1 1
github.com/nas-ai/api/src/services/security/password_service.go:24.73,25.23 1 1
github.com/nas-ai/api/src/services/security/password_service.go:25.23,27.3 1 1
github.com/nas-ai/api/src/services/security/password_service.go:29.2,30.16 2 1
github.com/nas-ai/api/src/services/security/password_service.go:30.16,32.3 1 0
github.com/nas-ai/api/src/services/security/password_service.go:34.2,34.26 1 1
github.com/nas-ai/api/src/services/security/password_service.go:38.82,40.2 1 1
github.com/nas-ai/api/src/services/security/password_service.go:43.75,44.23 1 1
github.com/nas-ai/api/src/services/security/password_service.go:44.23,46.3 1 1
github.com/nas-ai/api/src/services/security/password_service.go:48.2,50.29 2 1
github.com/nas-ai/api/src/services/security/password_service.go:50.29,51.10 1 1
github.com/nas-ai/api/src/services/security/password_service.go:52.27,53.19 1 1
github.com/nas-ai/api/src/services/security/password_service.go:54.27,55.19 1 1
github.com/nas-ai/api/src/services/security/password_service.go:56.28,57.19 1 1
github.com/nas-ai/api/src/services/security/password_service.go:61.2,61.15 1 1
github.com/nas-ai/api/src/services/security/password_service.go:61.15,63.3 1 1
github.com/nas-ai/api/src/services/security/password_service.go:64.2,64.15 1 1
github.com/nas-ai/api/src/services/security/password_service.go:64.15,66.3 1 1
github.com/nas-ai/api/src/services/security/password_service.go:67.2,67.15 1 1
github.com/nas-ai/api/src/services/security/password_service.go:67.15,69.3 1 1
github.com/nas-ai/api/src/services/security/password_service.go:71.2,71.12 1 1
github.com/nas-ai/api/src/services/security/token_service.go:21.88,26.2 1 1
github.com/nas-ai/api/src/services/security/token_service.go:29.102,31.16 2 1
github.com/nas-ai/api/src/services/security/token_service.go:31.16,33.3 1 0
github.com/nas-ai/api/src/services/security/token_service.go:36.2,41.79 4 1
github.com/nas-ai/api/src/services/security/token_service.go:41.79,44.3 2 0
github.com/nas-ai/api/src/services/security/token_service.go:46.2,51.19 2 1
github.com/nas-ai/api/src/services/security/token_service.go:55.101,62.16 5 1
github.com/nas-ai/api/src/services/security/token_service.go:62.16,65.3 2 1
github.com/nas-ai/api/src/services/security/token_service.go:68.2,70.55 3 1
github.com/nas-ai/api/src/services/security/token_service.go:70.55,72.3 1 0
github.com/nas-ai/api/src/services/security/token_service.go:74.2,75.20 2 1
github.com/nas-ai/api/src/services/security/token_service.go:79.103,81.16 2 1
github.com/nas-ai/api/src/services/security/token_service.go:81.16,83.3 1 0
github.com/nas-ai/api/src/services/security/token_service.go:86.2,91.78 4 1
github.com/nas-ai/api/src/services/security/token_service.go:91.78,94.3 2 0
github.com/nas-ai/api/src/services/security/token_service.go:96.2,101.19 2 1
github.com/nas-ai/api/src/services/security/token_service.go:105.102,112.16 5 1
github.com/nas-ai/api/src/services/security/token_service.go:112.16,115.3 2 1
github.com/nas-ai/api/src/services/security/token_service.go:118.2,120.55 3 1
github.com/nas-ai/api/src/services/security/token_service.go:120.55,122.3 1 0
github.com/nas-ai/api/src/services/security/token_service.go:124.2,125.20 2 1
github.com/nas-ai/api/src/services/security/token_service.go:129.62,131.40 2 1
github.com/nas-ai/api/src/services/security/token_service.go:131.40,133.3 1 0
github.com/nas-ai/api/src/services/security/token_service.go:134.2,134.50 1 1
github.com/nas-ai/api/src/services/security/token_service.go:139.87,147.16 4 1
github.com/nas-ai/api/src/services/security/token_service.go:147.16,150.3 2 0
github.com/nas-ai/api/src/services/security/token_service.go:152.2,153.12 2 1
github.com/nas-ai/api/src/services/security/token_service.go:158.105,162.16 3 1
github.com/nas-ai/api/src/services/security/token_service.go:162.16,167.3 1 1
github.com/nas-ai/api/src/services/security/token_service.go:171.2,171.45 1 1
github.com/nas-ai/api/src/services/security/token_service.go:171.45,178.3 2 1
github.com/nas-ai/api/src/services/security/token_service.go:180.2,180.14 1 1
